2023/08/09 11:44:00 [notice] 1#1: using the "epoll" event method
2023/08/09 11:44:00 [notice] 1#1: nginx/1.25.1
2023/08/09 11:44:00 [notice] 1#1: built by gcc 12.2.0 (Debian 12.2.0-14) 
2023/08/09 11:44:00 [notice] 1#1: OS: Linux 5.10.102.1-microsoft-standard-WSL2
2023/08/09 11:44:00 [notice] 1#1: getrlimit(RLIMIT_NOFILE): 1048576:1048576
2023/08/09 11:44:00 [notice] 1#1: start worker processes
2023/08/09 11:44:00 [notice] 1#1: start worker process 20
2023/08/09 11:44:00 [notice] 1#1: start worker process 21
2023/08/09 11:44:00 [notice] 1#1: start worker process 22
2023/08/09 11:44:00 [notice] 1#1: start worker process 23
2023/08/09 11:44:00 [notice] 1#1: start worker process 24
2023/08/09 11:44:00 [notice] 1#1: start worker process 25
2023/08/09 11:44:00 [notice] 1#1: start worker process 26
2023/08/09 11:44:00 [notice] 1#1: start worker process 27
2023/08/09 11:44:00 [notice] 1#1: start worker process 28
2023/08/09 11:44:00 [notice] 1#1: start worker process 29
2023/08/09 11:44:00 [notice] 1#1: start worker process 30
2023/08/09 11:44:00 [notice] 1#1: start worker process 31
2023/08/09 11:45:17 [notice] 1#1: signal 3 (SIGQUIT) received, shutting down
2023/08/09 11:45:17 [notice] 20#20: gracefully shutting down
2023/08/09 11:45:17 [notice] 21#21: gracefully shutting down
2023/08/09 11:45:17 [notice] 23#23: gracefully shutting down
2023/08/09 11:45:17 [notice] 27#27: gracefully shutting down
2023/08/09 11:45:17 [notice] 24#24: gracefully shutting down
2023/08/09 11:45:17 [notice] 29#29: gracefully shutting down
2023/08/09 11:45:17 [notice] 25#25: gracefully shutting down
2023/08/09 11:45:17 [notice] 30#30: gracefully shutting down
2023/08/09 11:45:17 [notice] 28#28: gracefully shutting down
2023/08/09 11:45:17 [notice] 22#22: gracefully shutting down
2023/08/09 11:45:17 [notice] 31#31: gracefully shutting down
2023/08/09 11:45:17 [notice] 26#26: gracefully shutting down
2023/08/09 11:45:17 [notice] 20#20: exiting
2023/08/09 11:45:17 [notice] 21#21: exiting
2023/08/09 11:45:17 [notice] 23#23: exiting
2023/08/09 11:45:17 [notice] 27#27: exiting
2023/08/09 11:45:17 [notice] 24#24: exiting
2023/08/09 11:45:17 [notice] 29#29: exiting
2023/08/09 11:45:17 [notice] 29#29: exit
2023/08/09 11:45:17 [notice] 30#30: exiting
2023/08/09 11:45:17 [notice] 25#25: exiting
2023/08/09 11:45:17 [notice] 28#28: exiting
2023/08/09 11:45:17 [notice] 22#22: exiting
2023/08/09 11:45:17 [notice] 31#31: exiting
2023/08/09 11:45:17 [notice] 26#26: exiting
2023/08/09 11:45:17 [notice] 20#20: exit
2023/08/09 11:45:17 [notice] 21#21: exit
2023/08/09 11:45:17 [notice] 23#23: exit
2023/08/09 11:45:17 [notice] 27#27: exit
2023/08/09 11:45:17 [notice] 24#24: exit
2023/08/09 11:45:17 [notice] 30#30: exit
2023/08/09 11:45:17 [notice] 25#25: exit
2023/08/09 11:45:17 [notice] 28#28: exit
2023/08/09 11:45:17 [notice] 22#22: exit
2023/08/09 11:45:17 [notice] 31#31: exit
2023/08/09 11:45:17 [notice] 26#26: exit
2023/08/09 11:45:17 [notice] 1#1: signal 17 (SIGCHLD) received from 21
2023/08/09 11:45:17 [notice] 1#1: worker process 21 exited with code 0
2023/08/09 11:45:17 [notice] 1#1: worker process 30 exited with code 0
2023/08/09 11:45:17 [notice] 1#1: signal 29 (SIGIO) received
2023/08/09 11:45:17 [notice] 1#1: signal 17 (SIGCHLD) received from 20
2023/08/09 11:45:17 [notice] 1#1: worker process 20 exited with code 0
2023/08/09 11:45:17 [notice] 1#1: worker process 22 exited with code 0
2023/08/09 11:45:17 [notice] 1#1: worker process 23 exited with code 0
2023/08/09 11:45:17 [notice] 1#1: worker process 28 exited with code 0
2023/08/09 11:45:17 [notice] 1#1: worker process 29 exited with code 0
2023/08/09 11:45:17 [notice] 1#1: worker process 31 exited with code 0
2023/08/09 11:45:17 [notice] 1#1: signal 29 (SIGIO) received
2023/08/09 11:45:17 [notice] 1#1: signal 17 (SIGCHLD) received from 31
2023/08/09 11:45:17 [notice] 1#1: signal 17 (SIGCHLD) received from 24
2023/08/09 11:45:17 [notice] 1#1: worker process 24 exited with code 0
2023/08/09 11:45:17 [notice] 1#1: worker process 26 exited with code 0
2023/08/09 11:45:17 [notice] 1#1: signal 29 (SIGIO) received
2023/08/09 11:45:17 [notice] 1#1: signal 17 (SIGCHLD) received from 26
2023/08/09 11:45:17 [notice] 1#1: signal 17 (SIGCHLD) received from 27
2023/08/09 11:45:17 [notice] 1#1: worker process 25 exited with code 0
2023/08/09 11:45:17 [notice] 1#1: worker process 27 exited with code 0
2023/08/09 11:45:17 [notice] 1#1: exit
2023/08/09 11:46:55 [notice] 1#1: using the "epoll" event method
2023/08/09 11:46:55 [notice] 1#1: nginx/1.25.1
2023/08/09 11:46:55 [notice] 1#1: built by gcc 12.2.0 (Debian 12.2.0-14) 
2023/08/09 11:46:55 [notice] 1#1: OS: Linux 5.10.102.1-microsoft-standard-WSL2
2023/08/09 11:46:55 [notice] 1#1: getrlimit(RLIMIT_NOFILE): 1048576:1048576
2023/08/09 11:46:55 [notice] 1#1: start worker processes
2023/08/09 11:46:55 [notice] 1#1: start worker process 20
2023/08/09 11:46:55 [notice] 1#1: start worker process 21
2023/08/09 11:46:55 [notice] 1#1: start worker process 22
2023/08/09 11:46:55 [notice] 1#1: start worker process 23
2023/08/09 11:46:55 [notice] 1#1: start worker process 24
2023/08/09 11:46:55 [notice] 1#1: start worker process 25
2023/08/09 11:46:55 [notice] 1#1: start worker process 26
2023/08/09 11:46:55 [notice] 1#1: start worker process 27
2023/08/09 11:46:55 [notice] 1#1: start worker process 28
2023/08/09 11:46:55 [notice] 1#1: start worker process 29
2023/08/09 11:46:55 [notice] 1#1: start worker process 30
2023/08/09 11:46:55 [notice] 1#1: start worker process 31
2023/08/09 12:31:22 [notice] 1#1: signal 3 (SIGQUIT) received, shutting down
2023/08/09 12:31:22 [notice] 21#21: gracefully shutting down
2023/08/09 12:31:22 [notice] 20#20: gracefully shutting down
2023/08/09 12:31:22 [notice] 24#24: gracefully shutting down
2023/08/09 12:31:22 [notice] 23#23: gracefully shutting down
2023/08/09 12:31:22 [notice] 27#27: gracefully shutting down
2023/08/09 12:31:22 [notice] 22#22: gracefully shutting down
2023/08/09 12:31:22 [notice] 29#29: gracefully shutting down
2023/08/09 12:31:22 [notice] 26#26: gracefully shutting down
2023/08/09 12:31:22 [notice] 25#25: gracefully shutting down
2023/08/09 12:31:22 [notice] 30#30: gracefully shutting down
2023/08/09 12:31:22 [notice] 28#28: gracefully shutting down
2023/08/09 12:31:22 [notice] 31#31: gracefully shutting down
2023/08/09 12:31:22 [notice] 20#20: exiting
2023/08/09 12:31:22 [notice] 21#21: exiting
2023/08/09 12:31:22 [notice] 31#31: exiting
2023/08/09 12:31:22 [notice] 23#23: exiting
2023/08/09 12:31:22 [notice] 24#24: exiting
2023/08/09 12:31:22 [notice] 27#27: exiting
2023/08/09 12:31:22 [notice] 22#22: exiting
2023/08/09 12:31:22 [notice] 29#29: exiting
2023/08/09 12:31:22 [notice] 26#26: exiting
2023/08/09 12:31:22 [notice] 25#25: exiting
2023/08/09 12:31:22 [notice] 30#30: exiting
2023/08/09 12:31:22 [notice] 28#28: exiting
2023/08/09 12:31:22 [notice] 21#21: exit
2023/08/09 12:31:22 [notice] 20#20: exit
2023/08/09 12:31:22 [notice] 31#31: exit
2023/08/09 12:31:22 [notice] 23#23: exit
2023/08/09 12:31:22 [notice] 24#24: exit
2023/08/09 12:31:22 [notice] 27#27: exit
2023/08/09 12:31:22 [notice] 22#22: exit
2023/08/09 12:31:22 [notice] 29#29: exit
2023/08/09 12:31:22 [notice] 26#26: exit
2023/08/09 12:31:22 [notice] 25#25: exit
2023/08/09 12:31:22 [notice] 30#30: exit
2023/08/09 12:31:22 [notice] 28#28: exit
2023/08/09 12:31:22 [notice] 1#1: signal 17 (SIGCHLD) received from 24
2023/08/09 12:31:22 [notice] 1#1: worker process 24 exited with code 0
2023/08/09 12:31:22 [notice] 1#1: signal 29 (SIGIO) received
2023/08/09 12:31:22 [notice] 1#1: signal 17 (SIGCHLD) received from 25
2023/08/09 12:31:22 [notice] 1#1: worker process 25 exited with code 0
2023/08/09 12:31:22 [notice] 1#1: signal 29 (SIGIO) received
2023/08/09 12:31:22 [notice] 1#1: signal 17 (SIGCHLD) received from 27
2023/08/09 12:31:22 [notice] 1#1: worker process 22 exited with code 0
2023/08/09 12:31:22 [notice] 1#1: worker process 26 exited with code 0
2023/08/09 12:31:22 [notice] 1#1: worker process 27 exited with code 0
2023/08/09 12:31:22 [notice] 1#1: worker process 29 exited with code 0
2023/08/09 12:31:22 [notice] 1#1: signal 29 (SIGIO) received
2023/08/09 12:31:22 [notice] 1#1: signal 17 (SIGCHLD) received from 28
2023/08/09 12:31:22 [notice] 1#1: worker process 28 exited with code 0
2023/08/09 12:31:22 [notice] 1#1: signal 29 (SIGIO) received
2023/08/09 12:31:22 [notice] 1#1: signal 17 (SIGCHLD) received from 31
2023/08/09 12:31:22 [notice] 1#1: worker process 20 exited with code 0
2023/08/09 12:31:22 [notice] 1#1: worker process 30 exited with code 0
2023/08/09 12:31:22 [notice] 1#1: worker process 31 exited with code 0
2023/08/09 12:31:22 [notice] 1#1: signal 29 (SIGIO) received
2023/08/09 12:31:22 [notice] 1#1: signal 17 (SIGCHLD) received from 20
2023/08/09 12:31:22 [notice] 1#1: signal 17 (SIGCHLD) received from 23
2023/08/09 12:31:22 [notice] 1#1: worker process 21 exited with code 0
2023/08/09 12:31:22 [notice] 1#1: worker process 23 exited with code 0
2023/08/09 12:31:22 [notice] 1#1: exit
2023/08/09 12:31:24 [emerg] 1#1: host not found in upstream "my_plant_app" in /etc/nginx/conf.d/web.conf:15
2023/08/09 12:33:46 [emerg] 1#1: host not found in upstream "my_plant_app" in /etc/nginx/conf.d/web.conf:15
2023/08/09 12:35:33 [emerg] 1#1: host not found in upstream "my_plant_app" in /etc/nginx/conf.d/web.conf:15
2023/08/09 13:15:25 [emerg] 1#1: host not found in upstream "my_plant_app" in /etc/nginx/conf.d/web.conf:15
2023/08/09 13:20:28 [emerg] 1#1: host not found in upstream "my_plant_app" in /etc/nginx/conf.d/web.conf:15
2023/08/09 14:39:55 [notice] 1#1: using the "epoll" event method
2023/08/09 14:39:55 [notice] 1#1: nginx/1.25.1
2023/08/09 14:39:55 [notice] 1#1: built by gcc 12.2.0 (Debian 12.2.0-14) 
2023/08/09 14:39:55 [notice] 1#1: OS: Linux 5.10.102.1-microsoft-standard-WSL2
2023/08/09 14:39:55 [notice] 1#1: getrlimit(RLIMIT_NOFILE): 1048576:1048576
2023/08/09 14:39:55 [notice] 1#1: start worker processes
2023/08/09 14:39:55 [notice] 1#1: start worker process 20
2023/08/09 14:39:55 [notice] 1#1: start worker process 21
2023/08/09 14:39:55 [notice] 1#1: start worker process 22
2023/08/09 14:39:55 [notice] 1#1: start worker process 23
2023/08/09 14:39:55 [notice] 1#1: start worker process 24
2023/08/09 14:39:55 [notice] 1#1: start worker process 25
2023/08/09 14:39:55 [notice] 1#1: start worker process 26
2023/08/09 14:39:55 [notice] 1#1: start worker process 27
2023/08/09 14:39:55 [notice] 1#1: start worker process 28
2023/08/09 14:39:55 [notice] 1#1: start worker process 29
2023/08/09 14:39:55 [notice] 1#1: start worker process 30
2023/08/09 14:39:55 [notice] 1#1: start worker process 31
2023/08/09 14:41:21 [notice] 1#1: signal 3 (SIGQUIT) received, shutting down
2023/08/09 14:41:21 [notice] 20#20: gracefully shutting down
2023/08/09 14:41:21 [notice] 28#28: gracefully shutting down
2023/08/09 14:41:21 [notice] 21#21: gracefully shutting down
2023/08/09 14:41:21 [notice] 22#22: gracefully shutting down
2023/08/09 14:41:21 [notice] 23#23: gracefully shutting down
2023/08/09 14:41:21 [notice] 24#24: gracefully shutting down
2023/08/09 14:41:21 [notice] 25#25: gracefully shutting down
2023/08/09 14:41:21 [notice] 26#26: gracefully shutting down
2023/08/09 14:41:21 [notice] 27#27: gracefully shutting down
2023/08/09 14:41:21 [notice] 27#27: exiting
2023/08/09 14:41:21 [notice] 29#29: gracefully shutting down
2023/08/09 14:41:21 [notice] 29#29: exiting
2023/08/09 14:41:21 [notice] 30#30: gracefully shutting down
2023/08/09 14:41:21 [notice] 30#30: exiting
2023/08/09 14:41:21 [notice] 31#31: gracefully shutting down
2023/08/09 14:41:21 [notice] 31#31: exiting
2023/08/09 14:41:21 [notice] 20#20: exiting
2023/08/09 14:41:21 [notice] 28#28: exiting
2023/08/09 14:41:21 [notice] 21#21: exiting
2023/08/09 14:41:21 [notice] 22#22: exiting
2023/08/09 14:41:21 [notice] 23#23: exiting
2023/08/09 14:41:21 [notice] 24#24: exiting
2023/08/09 14:41:21 [notice] 25#25: exiting
2023/08/09 14:41:21 [notice] 26#26: exiting
2023/08/09 14:41:21 [notice] 27#27: exit
2023/08/09 14:41:21 [notice] 29#29: exit
2023/08/09 14:41:21 [notice] 30#30: exit
2023/08/09 14:41:21 [notice] 31#31: exit
2023/08/09 14:41:21 [notice] 20#20: exit
2023/08/09 14:41:21 [notice] 28#28: exit
2023/08/09 14:41:21 [notice] 21#21: exit
2023/08/09 14:41:21 [notice] 22#22: exit
2023/08/09 14:41:21 [notice] 23#23: exit
2023/08/09 14:41:21 [notice] 24#24: exit
2023/08/09 14:41:21 [notice] 25#25: exit
2023/08/09 14:41:21 [notice] 26#26: exit
2023/08/09 14:41:21 [notice] 1#1: signal 17 (SIGCHLD) received from 20
2023/08/09 14:41:21 [notice] 1#1: worker process 20 exited with code 0
2023/08/09 14:41:21 [notice] 1#1: worker process 23 exited with code 0
2023/08/09 14:41:21 [notice] 1#1: worker process 28 exited with code 0
2023/08/09 14:41:21 [notice] 1#1: signal 29 (SIGIO) received
2023/08/09 14:41:22 [notice] 1#1: signal 17 (SIGCHLD) received from 31
2023/08/09 14:41:22 [notice] 1#1: worker process 24 exited with code 0
2023/08/09 14:41:22 [notice] 1#1: worker process 25 exited with code 0
2023/08/09 14:41:22 [notice] 1#1: worker process 26 exited with code 0
2023/08/09 14:41:22 [notice] 1#1: worker process 27 exited with code 0
2023/08/09 14:41:22 [notice] 1#1: worker process 30 exited with code 0
2023/08/09 14:41:22 [notice] 1#1: worker process 31 exited with code 0
2023/08/09 14:41:22 [notice] 1#1: signal 29 (SIGIO) received
2023/08/09 14:41:22 [notice] 1#1: signal 17 (SIGCHLD) received from 27
2023/08/09 14:41:22 [notice] 1#1: signal 17 (SIGCHLD) received from 29
2023/08/09 14:41:22 [notice] 1#1: worker process 21 exited with code 0
2023/08/09 14:41:22 [notice] 1#1: worker process 22 exited with code 0
2023/08/09 14:41:22 [notice] 1#1: worker process 29 exited with code 0
2023/08/09 14:41:22 [notice] 1#1: exit
2023/08/09 14:41:23 [notice] 1#1: using the "epoll" event method
2023/08/09 14:41:23 [notice] 1#1: nginx/1.25.1
2023/08/09 14:41:23 [notice] 1#1: built by gcc 12.2.0 (Debian 12.2.0-14) 
2023/08/09 14:41:23 [notice] 1#1: OS: Linux 5.10.102.1-microsoft-standard-WSL2
2023/08/09 14:41:23 [notice] 1#1: getrlimit(RLIMIT_NOFILE): 1048576:1048576
2023/08/09 14:41:23 [notice] 1#1: start worker processes
2023/08/09 14:41:23 [notice] 1#1: start worker process 20
2023/08/09 14:41:23 [notice] 1#1: start worker process 21
2023/08/09 14:41:23 [notice] 1#1: start worker process 22
2023/08/09 14:41:23 [notice] 1#1: start worker process 23
2023/08/09 14:41:23 [notice] 1#1: start worker process 24
2023/08/09 14:41:23 [notice] 1#1: start worker process 25
2023/08/09 14:41:23 [notice] 1#1: start worker process 26
2023/08/09 14:41:23 [notice] 1#1: start worker process 27
2023/08/09 14:41:23 [notice] 1#1: start worker process 28
2023/08/09 14:41:23 [notice] 1#1: start worker process 29
2023/08/09 14:41:23 [notice] 1#1: start worker process 30
2023/08/09 14:41:23 [notice] 1#1: start worker process 31
2023/08/09 15:04:34 [notice] 1#1: signal 3 (SIGQUIT) received, shutting down
2023/08/09 15:04:34 [notice] 20#20: gracefully shutting down
2023/08/09 15:04:34 [notice] 28#28: gracefully shutting down
2023/08/09 15:04:34 [notice] 21#21: gracefully shutting down
2023/08/09 15:04:34 [notice] 24#24: gracefully shutting down
2023/08/09 15:04:34 [notice] 21#21: exiting
2023/08/09 15:04:34 [notice] 23#23: gracefully shutting down
2023/08/09 15:04:34 [notice] 26#26: gracefully shutting down
2023/08/09 15:04:34 [notice] 22#22: gracefully shutting down
2023/08/09 15:04:34 [notice] 25#25: gracefully shutting down
2023/08/09 15:04:34 [notice] 27#27: gracefully shutting down
2023/08/09 15:04:34 [notice] 29#29: gracefully shutting down
2023/08/09 15:04:34 [notice] 31#31: gracefully shutting down
2023/08/09 15:04:34 [notice] 30#30: gracefully shutting down
2023/08/09 15:04:34 [notice] 31#31: exiting
2023/08/09 15:04:34 [notice] 20#20: exiting
2023/08/09 15:04:34 [notice] 28#28: exiting
2023/08/09 15:04:34 [notice] 24#24: exiting
2023/08/09 15:04:34 [notice] 21#21: exit
2023/08/09 15:04:34 [notice] 23#23: exiting
2023/08/09 15:04:34 [notice] 26#26: exiting
2023/08/09 15:04:34 [notice] 22#22: exiting
2023/08/09 15:04:34 [notice] 25#25: exiting
2023/08/09 15:04:34 [notice] 27#27: exiting
2023/08/09 15:04:34 [notice] 29#29: exiting
2023/08/09 15:04:34 [notice] 30#30: exiting
2023/08/09 15:04:34 [notice] 29#29: exit
2023/08/09 15:04:34 [notice] 31#31: exit
2023/08/09 15:04:34 [notice] 20#20: exit
2023/08/09 15:04:34 [notice] 28#28: exit
2023/08/09 15:04:34 [notice] 24#24: exit
2023/08/09 15:04:34 [notice] 23#23: exit
2023/08/09 15:04:34 [notice] 26#26: exit
2023/08/09 15:04:34 [notice] 22#22: exit
2023/08/09 15:04:34 [notice] 25#25: exit
2023/08/09 15:04:34 [notice] 27#27: exit
2023/08/09 15:04:34 [notice] 30#30: exit
2023/08/09 15:04:34 [notice] 1#1: signal 17 (SIGCHLD) received from 31
2023/08/09 15:04:34 [notice] 1#1: worker process 31 exited with code 0
2023/08/09 15:04:34 [notice] 1#1: signal 29 (SIGIO) received
2023/08/09 15:04:34 [notice] 1#1: signal 17 (SIGCHLD) received from 24
2023/08/09 15:04:34 [notice] 1#1: worker process 24 exited with code 0
2023/08/09 15:04:34 [notice] 1#1: worker process 25 exited with code 0
2023/08/09 15:04:34 [notice] 1#1: worker process 26 exited with code 0
2023/08/09 15:04:34 [notice] 1#1: signal 29 (SIGIO) received
2023/08/09 15:04:34 [notice] 1#1: signal 17 (SIGCHLD) received from 27
2023/08/09 15:04:34 [notice] 1#1: worker process 27 exited with code 0
2023/08/09 15:04:34 [notice] 1#1: signal 29 (SIGIO) received
2023/08/09 15:04:34 [notice] 1#1: signal 17 (SIGCHLD) received from 28
2023/08/09 15:04:34 [notice] 1#1: worker process 22 exited with code 0
2023/08/09 15:04:34 [notice] 1#1: worker process 23 exited with code 0
2023/08/09 15:04:34 [notice] 1#1: worker process 28 exited with code 0
2023/08/09 15:04:34 [notice] 1#1: worker process 29 exited with code 0
2023/08/09 15:04:34 [notice] 1#1: worker process 30 exited with code 0
2023/08/09 15:04:34 [notice] 1#1: signal 29 (SIGIO) received
2023/08/09 15:04:34 [notice] 1#1: signal 17 (SIGCHLD) received from 21
2023/08/09 15:04:34 [notice] 1#1: worker process 20 exited with code 0
2023/08/09 15:04:34 [notice] 1#1: worker process 21 exited with code 0
2023/08/09 15:04:34 [notice] 1#1: exit
2023/08/09 15:10:59 [notice] 1#1: using the "epoll" event method
2023/08/09 15:10:59 [notice] 1#1: nginx/1.25.1
2023/08/09 15:10:59 [notice] 1#1: built by gcc 12.2.0 (Debian 12.2.0-14) 
2023/08/09 15:10:59 [notice] 1#1: OS: Linux 5.10.102.1-microsoft-standard-WSL2
2023/08/09 15:10:59 [notice] 1#1: getrlimit(RLIMIT_NOFILE): 1048576:1048576
2023/08/09 15:10:59 [notice] 1#1: start worker processes
2023/08/09 15:10:59 [notice] 1#1: start worker process 20
2023/08/09 15:10:59 [notice] 1#1: start worker process 21
2023/08/09 15:10:59 [notice] 1#1: start worker process 22
2023/08/09 15:10:59 [notice] 1#1: start worker process 23
2023/08/09 15:10:59 [notice] 1#1: start worker process 24
2023/08/09 15:10:59 [notice] 1#1: start worker process 25
2023/08/09 15:10:59 [notice] 1#1: start worker process 26
2023/08/09 15:10:59 [notice] 1#1: start worker process 27
2023/08/09 15:10:59 [notice] 1#1: start worker process 28
2023/08/09 15:10:59 [notice] 1#1: start worker process 29
2023/08/09 15:10:59 [notice] 1#1: start worker process 30
2023/08/09 15:10:59 [notice] 1#1: start worker process 31
2023/08/09 15:11:52 [notice] 1#1: signal 3 (SIGQUIT) received, shutting down
2023/08/09 15:11:52 [notice] 20#20: gracefully shutting down
2023/08/09 15:11:52 [notice] 20#20: exiting
2023/08/09 15:11:52 [notice] 21#21: gracefully shutting down
2023/08/09 15:11:52 [notice] 23#23: gracefully shutting down
2023/08/09 15:11:52 [notice] 25#25: gracefully shutting down
2023/08/09 15:11:52 [notice] 26#26: gracefully shutting down
2023/08/09 15:11:52 [notice] 26#26: exiting
2023/08/09 15:11:52 [notice] 22#22: gracefully shutting down
2023/08/09 15:11:52 [notice] 27#27: gracefully shutting down
2023/08/09 15:11:52 [notice] 27#27: exiting
2023/08/09 15:11:52 [notice] 28#28: gracefully shutting down
2023/08/09 15:11:52 [notice] 24#24: gracefully shutting down
2023/08/09 15:11:52 [notice] 29#29: gracefully shutting down
2023/08/09 15:11:52 [notice] 30#30: gracefully shutting down
2023/08/09 15:11:52 [notice] 30#30: exiting
2023/08/09 15:11:52 [notice] 31#31: gracefully shutting down
2023/08/09 15:11:52 [notice] 20#20: exit
2023/08/09 15:11:52 [notice] 21#21: exiting
2023/08/09 15:11:52 [notice] 23#23: exiting
2023/08/09 15:11:52 [notice] 25#25: exiting
2023/08/09 15:11:52 [notice] 26#26: exit
2023/08/09 15:11:52 [notice] 22#22: exiting
2023/08/09 15:11:52 [notice] 27#27: exit
2023/08/09 15:11:52 [notice] 28#28: exiting
2023/08/09 15:11:52 [notice] 24#24: exiting
2023/08/09 15:11:52 [notice] 29#29: exiting
2023/08/09 15:11:52 [notice] 30#30: exit
2023/08/09 15:11:52 [notice] 31#31: exiting
2023/08/09 15:11:52 [notice] 21#21: exit
2023/08/09 15:11:52 [notice] 23#23: exit
2023/08/09 15:11:52 [notice] 25#25: exit
2023/08/09 15:11:52 [notice] 22#22: exit
2023/08/09 15:11:52 [notice] 28#28: exit
2023/08/09 15:11:52 [notice] 24#24: exit
2023/08/09 15:11:52 [notice] 29#29: exit
2023/08/09 15:11:52 [notice] 31#31: exit
2023/08/09 15:11:52 [notice] 1#1: signal 17 (SIGCHLD) received from 22
2023/08/09 15:11:52 [notice] 1#1: worker process 20 exited with code 0
2023/08/09 15:11:52 [notice] 1#1: worker process 22 exited with code 0
2023/08/09 15:11:52 [notice] 1#1: worker process 23 exited with code 0
2023/08/09 15:11:52 [notice] 1#1: worker process 24 exited with code 0
2023/08/09 15:11:52 [notice] 1#1: worker process 27 exited with code 0
2023/08/09 15:11:52 [notice] 1#1: worker process 28 exited with code 0
2023/08/09 15:11:52 [notice] 1#1: signal 29 (SIGIO) received
2023/08/09 15:11:52 [notice] 1#1: signal 17 (SIGCHLD) received from 25
2023/08/09 15:11:52 [notice] 1#1: worker process 25 exited with code 0
2023/08/09 15:11:52 [notice] 1#1: signal 29 (SIGIO) received
2023/08/09 15:11:53 [notice] 1#1: signal 17 (SIGCHLD) received from 29
2023/08/09 15:11:53 [notice] 1#1: worker process 29 exited with code 0
2023/08/09 15:11:53 [notice] 1#1: signal 29 (SIGIO) received
2023/08/09 15:11:53 [notice] 1#1: signal 17 (SIGCHLD) received from 21
2023/08/09 15:11:53 [notice] 1#1: worker process 21 exited with code 0
2023/08/09 15:11:53 [notice] 1#1: worker process 26 exited with code 0
2023/08/09 15:11:53 [notice] 1#1: worker process 30 exited with code 0
2023/08/09 15:11:53 [notice] 1#1: worker process 31 exited with code 0
2023/08/09 15:11:53 [notice] 1#1: exit
2023/08/09 15:11:54 [notice] 1#1: using the "epoll" event method
2023/08/09 15:11:54 [notice] 1#1: nginx/1.25.1
2023/08/09 15:11:54 [notice] 1#1: built by gcc 12.2.0 (Debian 12.2.0-14) 
2023/08/09 15:11:54 [notice] 1#1: OS: Linux 5.10.102.1-microsoft-standard-WSL2
2023/08/09 15:11:54 [notice] 1#1: getrlimit(RLIMIT_NOFILE): 1048576:1048576
2023/08/09 15:11:54 [notice] 1#1: start worker processes
2023/08/09 15:11:54 [notice] 1#1: start worker process 20
2023/08/09 15:11:54 [notice] 1#1: start worker process 21
2023/08/09 15:11:54 [notice] 1#1: start worker process 22
2023/08/09 15:11:54 [notice] 1#1: start worker process 23
2023/08/09 15:11:54 [notice] 1#1: start worker process 24
2023/08/09 15:11:54 [notice] 1#1: start worker process 25
2023/08/09 15:11:54 [notice] 1#1: start worker process 26
2023/08/09 15:11:54 [notice] 1#1: start worker process 27
2023/08/09 15:11:54 [notice] 1#1: start worker process 28
2023/08/09 15:11:54 [notice] 1#1: start worker process 29
2023/08/09 15:11:54 [notice] 1#1: start worker process 30
2023/08/09 15:11:54 [notice] 1#1: start worker process 31
2023/08/09 15:49:52 [notice] 1#1: signal 3 (SIGQUIT) received, shutting down
2023/08/09 15:49:52 [notice] 21#21: gracefully shutting down
2023/08/09 15:49:52 [notice] 23#23: gracefully shutting down
2023/08/09 15:49:52 [notice] 20#20: gracefully shutting down
2023/08/09 15:49:52 [notice] 25#25: gracefully shutting down
2023/08/09 15:49:52 [notice] 22#22: gracefully shutting down
2023/08/09 15:49:52 [notice] 23#23: exiting
2023/08/09 15:49:52 [notice] 28#28: gracefully shutting down
2023/08/09 15:49:52 [notice] 24#24: gracefully shutting down
2023/08/09 15:49:52 [notice] 27#27: gracefully shutting down
2023/08/09 15:49:52 [notice] 28#28: exiting
2023/08/09 15:49:52 [notice] 26#26: gracefully shutting down
2023/08/09 15:49:52 [notice] 30#30: gracefully shutting down
2023/08/09 15:49:52 [notice] 29#29: gracefully shutting down
2023/08/09 15:49:52 [notice] 31#31: gracefully shutting down
2023/08/09 15:49:52 [notice] 21#21: exiting
2023/08/09 15:49:52 [notice] 20#20: exiting
2023/08/09 15:49:52 [notice] 21#21: exit
2023/08/09 15:49:52 [notice] 25#25: exiting
2023/08/09 15:49:52 [notice] 22#22: exiting
2023/08/09 15:49:52 [notice] 23#23: exit
2023/08/09 15:49:52 [notice] 24#24: exiting
2023/08/09 15:49:52 [notice] 28#28: exit
2023/08/09 15:49:52 [notice] 27#27: exiting
2023/08/09 15:49:52 [notice] 26#26: exiting
2023/08/09 15:49:52 [notice] 30#30: exiting
2023/08/09 15:49:52 [notice] 29#29: exiting
2023/08/09 15:49:52 [notice] 31#31: exiting
2023/08/09 15:49:52 [notice] 20#20: exit
2023/08/09 15:49:52 [notice] 25#25: exit
2023/08/09 15:49:52 [notice] 22#22: exit
2023/08/09 15:49:52 [notice] 24#24: exit
2023/08/09 15:49:52 [notice] 27#27: exit
2023/08/09 15:49:52 [notice] 26#26: exit
2023/08/09 15:49:52 [notice] 30#30: exit
2023/08/09 15:49:52 [notice] 29#29: exit
2023/08/09 15:49:52 [notice] 31#31: exit
2023/08/09 15:49:52 [notice] 1#1: signal 17 (SIGCHLD) received from 25
2023/08/09 15:49:52 [notice] 1#1: worker process 20 exited with code 0
2023/08/09 15:49:52 [notice] 1#1: worker process 21 exited with code 0
2023/08/09 15:49:52 [notice] 1#1: worker process 23 exited with code 0
2023/08/09 15:49:52 [notice] 1#1: worker process 24 exited with code 0
2023/08/09 15:49:52 [notice] 1#1: worker process 25 exited with code 0
2023/08/09 15:49:52 [notice] 1#1: worker process 27 exited with code 0
2023/08/09 15:49:52 [notice] 1#1: worker process 29 exited with code 0
2023/08/09 15:49:52 [notice] 1#1: worker process 31 exited with code 0
2023/08/09 15:49:52 [notice] 1#1: signal 29 (SIGIO) received
2023/08/09 15:49:52 [notice] 1#1: signal 17 (SIGCHLD) received from 31
2023/08/09 15:49:52 [notice] 1#1: signal 17 (SIGCHLD) received from 28
2023/08/09 15:49:52 [notice] 1#1: worker process 28 exited with code 0
2023/08/09 15:49:52 [notice] 1#1: signal 29 (SIGIO) received
2023/08/09 15:49:52 [notice] 1#1: signal 17 (SIGCHLD) received from 26
2023/08/09 15:49:52 [notice] 1#1: worker process 26 exited with code 0
2023/08/09 15:49:52 [notice] 1#1: signal 29 (SIGIO) received
2023/08/09 15:49:52 [notice] 1#1: signal 17 (SIGCHLD) received from 22
2023/08/09 15:49:52 [notice] 1#1: worker process 22 exited with code 0
2023/08/09 15:49:52 [notice] 1#1: signal 29 (SIGIO) received
2023/08/09 15:49:52 [notice] 1#1: signal 17 (SIGCHLD) received from 30
2023/08/09 15:49:52 [notice] 1#1: worker process 30 exited with code 0
2023/08/09 15:49:52 [notice] 1#1: exit
2023/08/09 15:49:54 [notice] 1#1: using the "epoll" event method
2023/08/09 15:49:54 [notice] 1#1: nginx/1.25.1
2023/08/09 15:49:54 [notice] 1#1: built by gcc 12.2.0 (Debian 12.2.0-14) 
2023/08/09 15:49:54 [notice] 1#1: OS: Linux 5.10.102.1-microsoft-standard-WSL2
2023/08/09 15:49:54 [notice] 1#1: getrlimit(RLIMIT_NOFILE): 1048576:1048576
2023/08/09 15:49:54 [notice] 1#1: start worker processes
2023/08/09 15:49:54 [notice] 1#1: start worker process 20
2023/08/09 15:49:54 [notice] 1#1: start worker process 21
2023/08/09 15:49:54 [notice] 1#1: start worker process 22
2023/08/09 15:49:54 [notice] 1#1: start worker process 23
2023/08/09 15:49:54 [notice] 1#1: start worker process 24
2023/08/09 15:49:54 [notice] 1#1: start worker process 25
2023/08/09 15:49:54 [notice] 1#1: start worker process 26
2023/08/09 15:49:54 [notice] 1#1: start worker process 27
2023/08/09 15:49:54 [notice] 1#1: start worker process 28
2023/08/09 15:49:54 [notice] 1#1: start worker process 29
2023/08/09 15:49:54 [notice] 1#1: start worker process 30
2023/08/09 15:49:54 [notice] 1#1: start worker process 31
2023/08/09 16:04:36 [notice] 1#1: signal 3 (SIGQUIT) received, shutting down
2023/08/09 16:04:36 [notice] 20#20: gracefully shutting down
2023/08/09 16:04:36 [notice] 23#23: gracefully shutting down
2023/08/09 16:04:36 [notice] 22#22: gracefully shutting down
2023/08/09 16:04:36 [notice] 25#25: gracefully shutting down
2023/08/09 16:04:36 [notice] 26#26: gracefully shutting down
2023/08/09 16:04:36 [notice] 24#24: gracefully shutting down
2023/08/09 16:04:36 [notice] 27#27: gracefully shutting down
2023/08/09 16:04:36 [notice] 21#21: gracefully shutting down
2023/08/09 16:04:36 [notice] 30#30: gracefully shutting down
2023/08/09 16:04:36 [notice] 31#31: gracefully shutting down
2023/08/09 16:04:36 [notice] 30#30: exiting
2023/08/09 16:04:36 [notice] 28#28: gracefully shutting down
2023/08/09 16:04:36 [notice] 29#29: gracefully shutting down
2023/08/09 16:04:36 [notice] 20#20: exiting
2023/08/09 16:04:36 [notice] 23#23: exiting
2023/08/09 16:04:36 [notice] 22#22: exiting
2023/08/09 16:04:36 [notice] 25#25: exiting
2023/08/09 16:04:36 [notice] 26#26: exiting
2023/08/09 16:04:36 [notice] 24#24: exiting
2023/08/09 16:04:36 [notice] 27#27: exiting
2023/08/09 16:04:36 [notice] 21#21: exiting
2023/08/09 16:04:36 [notice] 31#31: exiting
2023/08/09 16:04:36 [notice] 30#30: exit
2023/08/09 16:04:36 [notice] 28#28: exiting
2023/08/09 16:04:36 [notice] 29#29: exiting
2023/08/09 16:04:36 [notice] 20#20: exit
2023/08/09 16:04:36 [notice] 23#23: exit
2023/08/09 16:04:36 [notice] 22#22: exit
2023/08/09 16:04:36 [notice] 25#25: exit
2023/08/09 16:04:36 [notice] 26#26: exit
2023/08/09 16:04:36 [notice] 24#24: exit
2023/08/09 16:04:36 [notice] 27#27: exit
2023/08/09 16:04:36 [notice] 21#21: exit
2023/08/09 16:04:36 [notice] 31#31: exit
2023/08/09 16:04:36 [notice] 28#28: exit
2023/08/09 16:04:36 [notice] 29#29: exit
2023/08/09 16:04:36 [notice] 1#1: signal 17 (SIGCHLD) received from 30
2023/08/09 16:04:36 [notice] 1#1: worker process 20 exited with code 0
2023/08/09 16:04:36 [notice] 1#1: worker process 21 exited with code 0
2023/08/09 16:04:36 [notice] 1#1: worker process 23 exited with code 0
2023/08/09 16:04:36 [notice] 1#1: worker process 26 exited with code 0
2023/08/09 16:04:36 [notice] 1#1: worker process 28 exited with code 0
2023/08/09 16:04:36 [notice] 1#1: worker process 29 exited with code 0
2023/08/09 16:04:36 [notice] 1#1: worker process 30 exited with code 0
2023/08/09 16:04:36 [notice] 1#1: signal 29 (SIGIO) received
2023/08/09 16:04:36 [notice] 1#1: signal 17 (SIGCHLD) received from 27
2023/08/09 16:04:36 [notice] 1#1: worker process 27 exited with code 0
2023/08/09 16:04:36 [notice] 1#1: signal 29 (SIGIO) received
2023/08/09 16:04:36 [notice] 1#1: signal 17 (SIGCHLD) received from 24
2023/08/09 16:04:36 [notice] 1#1: worker process 24 exited with code 0
2023/08/09 16:04:36 [notice] 1#1: signal 29 (SIGIO) received
2023/08/09 16:04:36 [notice] 1#1: signal 17 (SIGCHLD) received from 31
2023/08/09 16:04:36 [notice] 1#1: worker process 22 exited with code 0
2023/08/09 16:04:36 [notice] 1#1: worker process 31 exited with code 0
2023/08/09 16:04:36 [notice] 1#1: signal 29 (SIGIO) received
2023/08/09 16:04:36 [notice] 1#1: signal 17 (SIGCHLD) received from 22
2023/08/09 16:04:36 [notice] 1#1: signal 17 (SIGCHLD) received from 25
2023/08/09 16:04:36 [notice] 1#1: worker process 25 exited with code 0
2023/08/09 16:04:36 [notice] 1#1: exit
2023/08/09 16:04:38 [notice] 1#1: using the "epoll" event method
2023/08/09 16:04:38 [notice] 1#1: nginx/1.25.1
2023/08/09 16:04:38 [notice] 1#1: built by gcc 12.2.0 (Debian 12.2.0-14) 
2023/08/09 16:04:38 [notice] 1#1: OS: Linux 5.10.102.1-microsoft-standard-WSL2
2023/08/09 16:04:38 [notice] 1#1: getrlimit(RLIMIT_NOFILE): 1048576:1048576
2023/08/09 16:04:38 [notice] 1#1: start worker processes
2023/08/09 16:04:38 [notice] 1#1: start worker process 20
2023/08/09 16:04:38 [notice] 1#1: start worker process 21
2023/08/09 16:04:38 [notice] 1#1: start worker process 22
2023/08/09 16:04:38 [notice] 1#1: start worker process 23
2023/08/09 16:04:38 [notice] 1#1: start worker process 24
2023/08/09 16:04:38 [notice] 1#1: start worker process 25
2023/08/09 16:04:38 [notice] 1#1: start worker process 26
2023/08/09 16:04:38 [notice] 1#1: start worker process 27
2023/08/09 16:04:38 [notice] 1#1: start worker process 28
2023/08/09 16:04:38 [notice] 1#1: start worker process 29
2023/08/09 16:04:38 [notice] 1#1: start worker process 30
2023/08/09 16:04:38 [notice] 1#1: start worker process 31
2023/08/09 16:06:43 [notice] 1#1: signal 3 (SIGQUIT) received, shutting down
2023/08/09 16:06:43 [notice] 20#20: gracefully shutting down
2023/08/09 16:06:43 [notice] 28#28: gracefully shutting down
2023/08/09 16:06:43 [notice] 21#21: gracefully shutting down
2023/08/09 16:06:43 [notice] 22#22: gracefully shutting down
2023/08/09 16:06:43 [notice] 23#23: gracefully shutting down
2023/08/09 16:06:43 [notice] 24#24: gracefully shutting down
2023/08/09 16:06:43 [notice] 24#24: exiting
2023/08/09 16:06:43 [notice] 25#25: gracefully shutting down
2023/08/09 16:06:43 [notice] 26#26: gracefully shutting down
2023/08/09 16:06:43 [notice] 26#26: exiting
2023/08/09 16:06:43 [notice] 27#27: gracefully shutting down
2023/08/09 16:06:43 [notice] 27#27: exiting
2023/08/09 16:06:43 [notice] 29#29: gracefully shutting down
2023/08/09 16:06:43 [notice] 29#29: exiting
2023/08/09 16:06:43 [notice] 20#20: exiting
2023/08/09 16:06:43 [notice] 30#30: gracefully shutting down
2023/08/09 16:06:43 [notice] 31#31: gracefully shutting down
2023/08/09 16:06:43 [notice] 28#28: exiting
2023/08/09 16:06:43 [notice] 21#21: exiting
2023/08/09 16:06:43 [notice] 22#22: exiting
2023/08/09 16:06:43 [notice] 23#23: exiting
2023/08/09 16:06:43 [notice] 24#24: exit
2023/08/09 16:06:43 [notice] 25#25: exiting
2023/08/09 16:06:43 [notice] 26#26: exit
2023/08/09 16:06:43 [notice] 27#27: exit
2023/08/09 16:06:43 [notice] 29#29: exit
2023/08/09 16:06:43 [notice] 20#20: exit
2023/08/09 16:06:43 [notice] 30#30: exiting
2023/08/09 16:06:43 [notice] 31#31: exiting
2023/08/09 16:06:43 [notice] 28#28: exit
2023/08/09 16:06:43 [notice] 21#21: exit
2023/08/09 16:06:43 [notice] 22#22: exit
2023/08/09 16:06:43 [notice] 23#23: exit
2023/08/09 16:06:43 [notice] 25#25: exit
2023/08/09 16:06:43 [notice] 30#30: exit
2023/08/09 16:06:43 [notice] 31#31: exit
2023/08/09 16:06:43 [notice] 1#1: signal 17 (SIGCHLD) received from 24
2023/08/09 16:06:43 [notice] 1#1: worker process 24 exited with code 0
2023/08/09 16:06:43 [notice] 1#1: signal 29 (SIGIO) received
2023/08/09 16:06:43 [notice] 1#1: signal 17 (SIGCHLD) received from 21
2023/08/09 16:06:43 [notice] 1#1: worker process 21 exited with code 0
2023/08/09 16:06:43 [notice] 1#1: worker process 30 exited with code 0
2023/08/09 16:06:43 [notice] 1#1: signal 29 (SIGIO) received
2023/08/09 16:06:43 [notice] 1#1: signal 17 (SIGCHLD) received from 20
2023/08/09 16:06:43 [notice] 1#1: worker process 20 exited with code 0
2023/08/09 16:06:43 [notice] 1#1: worker process 22 exited with code 0
2023/08/09 16:06:43 [notice] 1#1: worker process 27 exited with code 0
2023/08/09 16:06:43 [notice] 1#1: worker process 31 exited with code 0
2023/08/09 16:06:43 [notice] 1#1: signal 29 (SIGIO) received
2023/08/09 16:06:43 [notice] 1#1: signal 17 (SIGCHLD) received from 31
2023/08/09 16:06:43 [notice] 1#1: signal 17 (SIGCHLD) received from 26
2023/08/09 16:06:43 [notice] 1#1: worker process 23 exited with code 0
2023/08/09 16:06:43 [notice] 1#1: worker process 26 exited with code 0
2023/08/09 16:06:43 [notice] 1#1: worker process 28 exited with code 0
2023/08/09 16:06:43 [notice] 1#1: signal 29 (SIGIO) received
2023/08/09 16:06:43 [notice] 1#1: signal 17 (SIGCHLD) received from 25
2023/08/09 16:06:43 [notice] 1#1: worker process 25 exited with code 0
2023/08/09 16:06:43 [notice] 1#1: signal 29 (SIGIO) received
2023/08/09 16:06:43 [notice] 1#1: signal 17 (SIGCHLD) received from 29
2023/08/09 16:06:43 [notice] 1#1: worker process 29 exited with code 0
2023/08/09 16:06:43 [notice] 1#1: exit
2023/08/09 16:06:44 [notice] 1#1: using the "epoll" event method
2023/08/09 16:06:44 [notice] 1#1: nginx/1.25.1
2023/08/09 16:06:44 [notice] 1#1: built by gcc 12.2.0 (Debian 12.2.0-14) 
2023/08/09 16:06:44 [notice] 1#1: OS: Linux 5.10.102.1-microsoft-standard-WSL2
2023/08/09 16:06:44 [notice] 1#1: getrlimit(RLIMIT_NOFILE): 1048576:1048576
2023/08/09 16:06:44 [notice] 1#1: start worker processes
2023/08/09 16:06:44 [notice] 1#1: start worker process 20
2023/08/09 16:06:44 [notice] 1#1: start worker process 21
2023/08/09 16:06:44 [notice] 1#1: start worker process 22
2023/08/09 16:06:44 [notice] 1#1: start worker process 23
2023/08/09 16:06:44 [notice] 1#1: start worker process 24
2023/08/09 16:06:44 [notice] 1#1: start worker process 25
2023/08/09 16:06:44 [notice] 1#1: start worker process 26
2023/08/09 16:06:44 [notice] 1#1: start worker process 27
2023/08/09 16:06:44 [notice] 1#1: start worker process 28
2023/08/09 16:06:44 [notice] 1#1: start worker process 29
2023/08/09 16:06:44 [notice] 1#1: start worker process 30
2023/08/09 16:06:44 [notice] 1#1: start worker process 31
2023/08/09 16:17:02 [notice] 1#1: signal 3 (SIGQUIT) received, shutting down
2023/08/09 16:17:02 [notice] 20#20: gracefully shutting down
2023/08/09 16:17:02 [notice] 21#21: gracefully shutting down
2023/08/09 16:17:02 [notice] 22#22: gracefully shutting down
2023/08/09 16:17:02 [notice] 23#23: gracefully shutting down
2023/08/09 16:17:02 [notice] 24#24: gracefully shutting down
2023/08/09 16:17:02 [notice] 25#25: gracefully shutting down
2023/08/09 16:17:02 [notice] 27#27: gracefully shutting down
2023/08/09 16:17:02 [notice] 27#27: exiting
2023/08/09 16:17:02 [notice] 26#26: gracefully shutting down
2023/08/09 16:17:02 [notice] 28#28: gracefully shutting down
2023/08/09 16:17:02 [notice] 28#28: exiting
2023/08/09 16:17:02 [notice] 29#29: gracefully shutting down
2023/08/09 16:17:02 [notice] 29#29: exiting
2023/08/09 16:17:02 [notice] 30#30: gracefully shutting down
2023/08/09 16:17:02 [notice] 30#30: exiting
2023/08/09 16:17:02 [notice] 31#31: gracefully shutting down
2023/08/09 16:17:02 [notice] 20#20: exiting
2023/08/09 16:17:02 [notice] 21#21: exiting
2023/08/09 16:17:02 [notice] 22#22: exiting
2023/08/09 16:17:02 [notice] 23#23: exiting
2023/08/09 16:17:02 [notice] 24#24: exiting
2023/08/09 16:17:02 [notice] 25#25: exiting
2023/08/09 16:17:02 [notice] 27#27: exit
2023/08/09 16:17:02 [notice] 26#26: exiting
2023/08/09 16:17:02 [notice] 28#28: exit
2023/08/09 16:17:02 [notice] 29#29: exit
2023/08/09 16:17:02 [notice] 30#30: exit
2023/08/09 16:17:02 [notice] 31#31: exiting
2023/08/09 16:17:02 [notice] 20#20: exit
2023/08/09 16:17:02 [notice] 21#21: exit
2023/08/09 16:17:02 [notice] 22#22: exit
2023/08/09 16:17:02 [notice] 23#23: exit
2023/08/09 16:17:02 [notice] 24#24: exit
2023/08/09 16:17:02 [notice] 25#25: exit
2023/08/09 16:17:02 [notice] 26#26: exit
2023/08/09 16:17:02 [notice] 31#31: exit
2023/08/09 16:17:02 [notice] 1#1: signal 17 (SIGCHLD) received from 30
2023/08/09 16:17:02 [notice] 1#1: worker process 30 exited with code 0
2023/08/09 16:17:02 [notice] 1#1: signal 29 (SIGIO) received
2023/08/09 16:17:02 [notice] 1#1: signal 17 (SIGCHLD) received from 24
2023/08/09 16:17:02 [notice] 1#1: worker process 24 exited with code 0
2023/08/09 16:17:02 [notice] 1#1: worker process 26 exited with code 0
2023/08/09 16:17:02 [notice] 1#1: worker process 28 exited with code 0
2023/08/09 16:17:02 [notice] 1#1: signal 29 (SIGIO) received
2023/08/09 16:17:02 [notice] 1#1: signal 17 (SIGCHLD) received from 28
2023/08/09 16:17:02 [notice] 1#1: signal 17 (SIGCHLD) received from 20
2023/08/09 16:17:02 [notice] 1#1: worker process 20 exited with code 0
2023/08/09 16:17:02 [notice] 1#1: worker process 21 exited with code 0
2023/08/09 16:17:02 [notice] 1#1: worker process 23 exited with code 0
2023/08/09 16:17:02 [notice] 1#1: worker process 25 exited with code 0
2023/08/09 16:17:02 [notice] 1#1: worker process 31 exited with code 0
2023/08/09 16:17:02 [notice] 1#1: signal 29 (SIGIO) received
2023/08/09 16:17:02 [notice] 1#1: signal 17 (SIGCHLD) received from 21
2023/08/09 16:17:02 [notice] 1#1: signal 17 (SIGCHLD) received from 27
2023/08/09 16:17:02 [notice] 1#1: worker process 22 exited with code 0
2023/08/09 16:17:02 [notice] 1#1: worker process 27 exited with code 0
2023/08/09 16:17:02 [notice] 1#1: worker process 29 exited with code 0
2023/08/09 16:17:02 [notice] 1#1: exit
2023/08/09 16:17:03 [notice] 1#1: using the "epoll" event method
2023/08/09 16:17:03 [notice] 1#1: nginx/1.25.1
2023/08/09 16:17:03 [notice] 1#1: built by gcc 12.2.0 (Debian 12.2.0-14) 
2023/08/09 16:17:03 [notice] 1#1: OS: Linux 5.10.102.1-microsoft-standard-WSL2
2023/08/09 16:17:03 [notice] 1#1: getrlimit(RLIMIT_NOFILE): 1048576:1048576
2023/08/09 16:17:03 [notice] 1#1: start worker processes
2023/08/09 16:17:03 [notice] 1#1: start worker process 20
2023/08/09 16:17:03 [notice] 1#1: start worker process 21
2023/08/09 16:17:03 [notice] 1#1: start worker process 22
2023/08/09 16:17:03 [notice] 1#1: start worker process 23
2023/08/09 16:17:03 [notice] 1#1: start worker process 24
2023/08/09 16:17:03 [notice] 1#1: start worker process 25
2023/08/09 16:17:03 [notice] 1#1: start worker process 26
2023/08/09 16:17:03 [notice] 1#1: start worker process 27
2023/08/09 16:17:03 [notice] 1#1: start worker process 28
2023/08/09 16:17:03 [notice] 1#1: start worker process 29
2023/08/09 16:17:03 [notice] 1#1: start worker process 30
2023/08/09 16:17:03 [notice] 1#1: start worker process 31
2023/08/09 16:18:48 [notice] 1#1: signal 3 (SIGQUIT) received, shutting down
2023/08/09 16:18:48 [notice] 20#20: gracefully shutting down
2023/08/09 16:18:48 [notice] 30#30: gracefully shutting down
2023/08/09 16:18:48 [notice] 21#21: gracefully shutting down
2023/08/09 16:18:48 [notice] 22#22: gracefully shutting down
2023/08/09 16:18:48 [notice] 23#23: gracefully shutting down
2023/08/09 16:18:48 [notice] 24#24: gracefully shutting down
2023/08/09 16:18:48 [notice] 24#24: exiting
2023/08/09 16:18:48 [notice] 25#25: gracefully shutting down
2023/08/09 16:18:48 [notice] 25#25: exiting
2023/08/09 16:18:48 [notice] 26#26: gracefully shutting down
2023/08/09 16:18:48 [notice] 26#26: exiting
2023/08/09 16:18:48 [notice] 27#27: gracefully shutting down
2023/08/09 16:18:48 [notice] 27#27: exiting
2023/08/09 16:18:48 [notice] 28#28: gracefully shutting down
2023/08/09 16:18:48 [notice] 28#28: exiting
2023/08/09 16:18:48 [notice] 29#29: gracefully shutting down
2023/08/09 16:18:48 [notice] 31#31: gracefully shutting down
2023/08/09 16:18:48 [notice] 20#20: exiting
2023/08/09 16:18:48 [notice] 30#30: exiting
2023/08/09 16:18:48 [notice] 21#21: exiting
2023/08/09 16:18:48 [notice] 22#22: exiting
2023/08/09 16:18:48 [notice] 23#23: exiting
2023/08/09 16:18:48 [notice] 24#24: exit
2023/08/09 16:18:48 [notice] 25#25: exit
2023/08/09 16:18:48 [notice] 26#26: exit
2023/08/09 16:18:48 [notice] 27#27: exit
2023/08/09 16:18:48 [notice] 28#28: exit
2023/08/09 16:18:48 [notice] 29#29: exiting
2023/08/09 16:18:48 [notice] 31#31: exiting
2023/08/09 16:18:48 [notice] 20#20: exit
2023/08/09 16:18:48 [notice] 30#30: exit
2023/08/09 16:18:48 [notice] 21#21: exit
2023/08/09 16:18:48 [notice] 22#22: exit
2023/08/09 16:18:48 [notice] 23#23: exit
2023/08/09 16:18:48 [notice] 29#29: exit
2023/08/09 16:18:48 [notice] 31#31: exit
2023/08/09 16:18:48 [notice] 1#1: signal 17 (SIGCHLD) received from 25
2023/08/09 16:18:48 [notice] 1#1: worker process 25 exited with code 0
2023/08/09 16:18:48 [notice] 1#1: signal 29 (SIGIO) received
2023/08/09 16:18:48 [notice] 1#1: signal 17 (SIGCHLD) received from 24
2023/08/09 16:18:48 [notice] 1#1: worker process 24 exited with code 0
2023/08/09 16:18:48 [notice] 1#1: signal 29 (SIGIO) received
2023/08/09 16:18:48 [notice] 1#1: signal 17 (SIGCHLD) received from 23
2023/08/09 16:18:48 [notice] 1#1: worker process 23 exited with code 0
2023/08/09 16:18:48 [notice] 1#1: worker process 28 exited with code 0
2023/08/09 16:18:48 [notice] 1#1: signal 29 (SIGIO) received
2023/08/09 16:18:48 [notice] 1#1: signal 17 (SIGCHLD) received from 26
2023/08/09 16:18:48 [notice] 1#1: worker process 20 exited with code 0
2023/08/09 16:18:48 [notice] 1#1: worker process 21 exited with code 0
2023/08/09 16:18:48 [notice] 1#1: worker process 22 exited with code 0
2023/08/09 16:18:48 [notice] 1#1: worker process 26 exited with code 0
2023/08/09 16:18:48 [notice] 1#1: worker process 27 exited with code 0
2023/08/09 16:18:48 [notice] 1#1: worker process 29 exited with code 0
2023/08/09 16:18:48 [notice] 1#1: worker process 30 exited with code 0
2023/08/09 16:18:48 [notice] 1#1: worker process 31 exited with code 0
2023/08/09 16:18:48 [notice] 1#1: exit
2023/08/09 16:18:49 [notice] 1#1: using the "epoll" event method
2023/08/09 16:18:49 [notice] 1#1: nginx/1.25.1
2023/08/09 16:18:49 [notice] 1#1: built by gcc 12.2.0 (Debian 12.2.0-14) 
2023/08/09 16:18:49 [notice] 1#1: OS: Linux 5.10.102.1-microsoft-standard-WSL2
2023/08/09 16:18:49 [notice] 1#1: getrlimit(RLIMIT_NOFILE): 1048576:1048576
2023/08/09 16:18:49 [notice] 1#1: start worker processes
2023/08/09 16:18:49 [notice] 1#1: start worker process 20
2023/08/09 16:18:49 [notice] 1#1: start worker process 21
2023/08/09 16:18:49 [notice] 1#1: start worker process 22
2023/08/09 16:18:49 [notice] 1#1: start worker process 23
2023/08/09 16:18:49 [notice] 1#1: start worker process 24
2023/08/09 16:18:49 [notice] 1#1: start worker process 25
2023/08/09 16:18:49 [notice] 1#1: start worker process 26
2023/08/09 16:18:49 [notice] 1#1: start worker process 27
2023/08/09 16:18:49 [notice] 1#1: start worker process 28
2023/08/09 16:18:49 [notice] 1#1: start worker process 29
2023/08/09 16:18:49 [notice] 1#1: start worker process 30
2023/08/09 16:18:49 [notice] 1#1: start worker process 31
2023/08/09 16:26:55 [notice] 1#1: signal 3 (SIGQUIT) received, shutting down
2023/08/09 16:26:55 [notice] 20#20: gracefully shutting down
2023/08/09 16:26:55 [notice] 30#30: gracefully shutting down
2023/08/09 16:26:55 [notice] 21#21: gracefully shutting down
2023/08/09 16:26:55 [notice] 22#22: gracefully shutting down
2023/08/09 16:26:55 [notice] 23#23: gracefully shutting down
2023/08/09 16:26:55 [notice] 25#25: gracefully shutting down
2023/08/09 16:26:55 [notice] 24#24: gracefully shutting down
2023/08/09 16:26:55 [notice] 26#26: gracefully shutting down
2023/08/09 16:26:55 [notice] 27#27: gracefully shutting down
2023/08/09 16:26:55 [notice] 28#28: gracefully shutting down
2023/08/09 16:26:55 [notice] 29#29: gracefully shutting down
2023/08/09 16:26:55 [notice] 31#31: gracefully shutting down
2023/08/09 16:26:55 [notice] 20#20: exiting
2023/08/09 16:26:55 [notice] 30#30: exiting
2023/08/09 16:26:55 [notice] 21#21: exiting
2023/08/09 16:26:55 [notice] 22#22: exiting
2023/08/09 16:26:55 [notice] 23#23: exiting
2023/08/09 16:26:55 [notice] 25#25: exiting
2023/08/09 16:26:55 [notice] 24#24: exiting
2023/08/09 16:26:55 [notice] 26#26: exiting
2023/08/09 16:26:55 [notice] 27#27: exiting
2023/08/09 16:26:55 [notice] 28#28: exiting
2023/08/09 16:26:55 [notice] 29#29: exiting
2023/08/09 16:26:55 [notice] 31#31: exiting
2023/08/09 16:26:55 [notice] 20#20: exit
2023/08/09 16:26:55 [notice] 30#30: exit
2023/08/09 16:26:55 [notice] 21#21: exit
2023/08/09 16:26:55 [notice] 22#22: exit
2023/08/09 16:26:55 [notice] 23#23: exit
2023/08/09 16:26:55 [notice] 25#25: exit
2023/08/09 16:26:55 [notice] 24#24: exit
2023/08/09 16:26:55 [notice] 26#26: exit
2023/08/09 16:26:55 [notice] 27#27: exit
2023/08/09 16:26:55 [notice] 28#28: exit
2023/08/09 16:26:55 [notice] 29#29: exit
2023/08/09 16:26:55 [notice] 31#31: exit
2023/08/09 16:26:55 [notice] 1#1: signal 17 (SIGCHLD) received from 26
2023/08/09 16:26:55 [notice] 1#1: worker process 20 exited with code 0
2023/08/09 16:26:55 [notice] 1#1: worker process 21 exited with code 0
2023/08/09 16:26:55 [notice] 1#1: worker process 22 exited with code 0
2023/08/09 16:26:55 [notice] 1#1: worker process 24 exited with code 0
2023/08/09 16:26:55 [notice] 1#1: worker process 25 exited with code 0
2023/08/09 16:26:55 [notice] 1#1: worker process 26 exited with code 0
2023/08/09 16:26:55 [notice] 1#1: worker process 27 exited with code 0
2023/08/09 16:26:55 [notice] 1#1: worker process 28 exited with code 0
2023/08/09 16:26:55 [notice] 1#1: worker process 30 exited with code 0
2023/08/09 16:26:55 [notice] 1#1: worker process 31 exited with code 0
2023/08/09 16:26:55 [notice] 1#1: signal 29 (SIGIO) received
2023/08/09 16:26:55 [notice] 1#1: signal 17 (SIGCHLD) received from 24
2023/08/09 16:26:55 [notice] 1#1: signal 17 (SIGCHLD) received from 23
2023/08/09 16:26:55 [notice] 1#1: worker process 23 exited with code 0
2023/08/09 16:26:55 [notice] 1#1: worker process 29 exited with code 0
2023/08/09 16:26:55 [notice] 1#1: exit
2023/08/09 16:26:56 [notice] 1#1: using the "epoll" event method
2023/08/09 16:26:56 [notice] 1#1: nginx/1.25.1
2023/08/09 16:26:56 [notice] 1#1: built by gcc 12.2.0 (Debian 12.2.0-14) 
2023/08/09 16:26:56 [notice] 1#1: OS: Linux 5.10.102.1-microsoft-standard-WSL2
2023/08/09 16:26:56 [notice] 1#1: getrlimit(RLIMIT_NOFILE): 1048576:1048576
2023/08/09 16:26:56 [notice] 1#1: start worker processes
2023/08/09 16:26:56 [notice] 1#1: start worker process 20
2023/08/09 16:26:56 [notice] 1#1: start worker process 21
2023/08/09 16:26:56 [notice] 1#1: start worker process 22
2023/08/09 16:26:56 [notice] 1#1: start worker process 23
2023/08/09 16:26:56 [notice] 1#1: start worker process 24
2023/08/09 16:26:56 [notice] 1#1: start worker process 25
2023/08/09 16:26:56 [notice] 1#1: start worker process 26
2023/08/09 16:26:56 [notice] 1#1: start worker process 27
2023/08/09 16:26:56 [notice] 1#1: start worker process 28
2023/08/09 16:26:56 [notice] 1#1: start worker process 29
2023/08/09 16:26:56 [notice] 1#1: start worker process 30
2023/08/09 16:26:56 [notice] 1#1: start worker process 31
2023/08/09 16:27:49 [notice] 1#1: signal 3 (SIGQUIT) received, shutting down
2023/08/09 16:27:49 [notice] 20#20: gracefully shutting down
2023/08/09 16:27:49 [notice] 29#29: gracefully shutting down
2023/08/09 16:27:49 [notice] 21#21: gracefully shutting down
2023/08/09 16:27:49 [notice] 21#21: exiting
2023/08/09 16:27:49 [notice] 22#22: gracefully shutting down
2023/08/09 16:27:49 [notice] 22#22: exiting
2023/08/09 16:27:49 [notice] 23#23: gracefully shutting down
2023/08/09 16:27:49 [notice] 23#23: exiting
2023/08/09 16:27:49 [notice] 24#24: gracefully shutting down
2023/08/09 16:27:49 [notice] 25#25: gracefully shutting down
2023/08/09 16:27:49 [notice] 26#26: gracefully shutting down
2023/08/09 16:27:49 [notice] 26#26: exiting
2023/08/09 16:27:49 [notice] 27#27: gracefully shutting down
2023/08/09 16:27:49 [notice] 27#27: exiting
2023/08/09 16:27:49 [notice] 28#28: gracefully shutting down
2023/08/09 16:27:49 [notice] 28#28: exiting
2023/08/09 16:27:49 [notice] 30#30: gracefully shutting down
2023/08/09 16:27:49 [notice] 31#31: gracefully shutting down
2023/08/09 16:27:49 [notice] 20#20: exiting
2023/08/09 16:27:49 [notice] 29#29: exiting
2023/08/09 16:27:49 [notice] 21#21: exit
2023/08/09 16:27:49 [notice] 22#22: exit
2023/08/09 16:27:49 [notice] 23#23: exit
2023/08/09 16:27:49 [notice] 24#24: exiting
2023/08/09 16:27:49 [notice] 25#25: exiting
2023/08/09 16:27:49 [notice] 26#26: exit
2023/08/09 16:27:49 [notice] 27#27: exit
2023/08/09 16:27:49 [notice] 28#28: exit
2023/08/09 16:27:49 [notice] 30#30: exiting
2023/08/09 16:27:49 [notice] 31#31: exiting
2023/08/09 16:27:49 [notice] 20#20: exit
2023/08/09 16:27:49 [notice] 29#29: exit
2023/08/09 16:27:49 [notice] 24#24: exit
2023/08/09 16:27:49 [notice] 25#25: exit
2023/08/09 16:27:49 [notice] 30#30: exit
2023/08/09 16:27:49 [notice] 31#31: exit
2023/08/09 16:27:49 [notice] 1#1: signal 17 (SIGCHLD) received from 24
2023/08/09 16:27:49 [notice] 1#1: worker process 24 exited with code 0
2023/08/09 16:27:49 [notice] 1#1: signal 29 (SIGIO) received
2023/08/09 16:27:49 [notice] 1#1: signal 17 (SIGCHLD) received from 21
2023/08/09 16:27:49 [notice] 1#1: worker process 20 exited with code 0
2023/08/09 16:27:49 [notice] 1#1: worker process 21 exited with code 0
2023/08/09 16:27:49 [notice] 1#1: worker process 22 exited with code 0
2023/08/09 16:27:49 [notice] 1#1: worker process 23 exited with code 0
2023/08/09 16:27:49 [notice] 1#1: worker process 26 exited with code 0
2023/08/09 16:27:49 [notice] 1#1: worker process 27 exited with code 0
2023/08/09 16:27:49 [notice] 1#1: worker process 28 exited with code 0
2023/08/09 16:27:49 [notice] 1#1: worker process 29 exited with code 0
2023/08/09 16:27:49 [notice] 1#1: worker process 30 exited with code 0
2023/08/09 16:27:49 [notice] 1#1: signal 29 (SIGIO) received
2023/08/09 16:27:49 [notice] 1#1: signal 17 (SIGCHLD) received from 23
2023/08/09 16:27:49 [notice] 1#1: signal 17 (SIGCHLD) received from 25
2023/08/09 16:27:49 [notice] 1#1: worker process 25 exited with code 0
2023/08/09 16:27:49 [notice] 1#1: worker process 31 exited with code 0
2023/08/09 16:27:49 [notice] 1#1: exit
2023/08/09 16:27:50 [notice] 1#1: using the "epoll" event method
2023/08/09 16:27:50 [notice] 1#1: nginx/1.25.1
2023/08/09 16:27:50 [notice] 1#1: built by gcc 12.2.0 (Debian 12.2.0-14) 
2023/08/09 16:27:50 [notice] 1#1: OS: Linux 5.10.102.1-microsoft-standard-WSL2
2023/08/09 16:27:50 [notice] 1#1: getrlimit(RLIMIT_NOFILE): 1048576:1048576
2023/08/09 16:27:50 [notice] 1#1: start worker processes
2023/08/09 16:27:50 [notice] 1#1: start worker process 20
2023/08/09 16:27:50 [notice] 1#1: start worker process 21
2023/08/09 16:27:50 [notice] 1#1: start worker process 22
2023/08/09 16:27:50 [notice] 1#1: start worker process 23
2023/08/09 16:27:50 [notice] 1#1: start worker process 24
2023/08/09 16:27:50 [notice] 1#1: start worker process 25
2023/08/09 16:27:50 [notice] 1#1: start worker process 26
2023/08/09 16:27:50 [notice] 1#1: start worker process 27
2023/08/09 16:27:50 [notice] 1#1: start worker process 28
2023/08/09 16:27:50 [notice] 1#1: start worker process 29
2023/08/09 16:27:50 [notice] 1#1: start worker process 30
2023/08/09 16:27:50 [notice] 1#1: start worker process 31
2023/08/09 16:31:08 [notice] 1#1: signal 3 (SIGQUIT) received, shutting down
2023/08/09 16:31:08 [notice] 20#20: gracefully shutting down
2023/08/09 16:31:08 [notice] 31#31: gracefully shutting down
2023/08/09 16:31:08 [notice] 21#21: gracefully shutting down
2023/08/09 16:31:08 [notice] 23#23: gracefully shutting down
2023/08/09 16:31:08 [notice] 22#22: gracefully shutting down
2023/08/09 16:31:08 [notice] 22#22: exiting
2023/08/09 16:31:08 [notice] 24#24: gracefully shutting down
2023/08/09 16:31:08 [notice] 25#25: gracefully shutting down
2023/08/09 16:31:08 [notice] 26#26: gracefully shutting down
2023/08/09 16:31:08 [notice] 26#26: exiting
2023/08/09 16:31:08 [notice] 28#28: gracefully shutting down
2023/08/09 16:31:08 [notice] 27#27: gracefully shutting down
2023/08/09 16:31:08 [notice] 27#27: exiting
2023/08/09 16:31:08 [notice] 29#29: gracefully shutting down
2023/08/09 16:31:08 [notice] 30#30: gracefully shutting down
2023/08/09 16:31:08 [notice] 20#20: exiting
2023/08/09 16:31:08 [notice] 31#31: exiting
2023/08/09 16:31:08 [notice] 21#21: exiting
2023/08/09 16:31:08 [notice] 23#23: exiting
2023/08/09 16:31:08 [notice] 22#22: exit
2023/08/09 16:31:08 [notice] 24#24: exiting
2023/08/09 16:31:08 [notice] 25#25: exiting
2023/08/09 16:31:08 [notice] 26#26: exit
2023/08/09 16:31:08 [notice] 28#28: exiting
2023/08/09 16:31:08 [notice] 27#27: exit
2023/08/09 16:31:08 [notice] 29#29: exiting
2023/08/09 16:31:08 [notice] 29#29: exit
2023/08/09 16:31:08 [notice] 30#30: exiting
2023/08/09 16:31:08 [notice] 20#20: exit
2023/08/09 16:31:08 [notice] 31#31: exit
2023/08/09 16:31:08 [notice] 21#21: exit
2023/08/09 16:31:08 [notice] 23#23: exit
2023/08/09 16:31:08 [notice] 24#24: exit
2023/08/09 16:31:08 [notice] 25#25: exit
2023/08/09 16:31:08 [notice] 28#28: exit
2023/08/09 16:31:08 [notice] 30#30: exit
2023/08/09 16:31:08 [notice] 1#1: signal 17 (SIGCHLD) received from 25
2023/08/09 16:31:08 [notice] 1#1: worker process 25 exited with code 0
2023/08/09 16:31:08 [notice] 1#1: signal 29 (SIGIO) received
2023/08/09 16:31:08 [notice] 1#1: signal 17 (SIGCHLD) received from 31
2023/08/09 16:31:08 [notice] 1#1: worker process 21 exited with code 0
2023/08/09 16:31:08 [notice] 1#1: worker process 22 exited with code 0
2023/08/09 16:31:08 [notice] 1#1: worker process 27 exited with code 0
2023/08/09 16:31:08 [notice] 1#1: worker process 29 exited with code 0
2023/08/09 16:31:08 [notice] 1#1: worker process 31 exited with code 0
2023/08/09 16:31:08 [notice] 1#1: signal 29 (SIGIO) received
2023/08/09 16:31:08 [notice] 1#1: signal 17 (SIGCHLD) received from 27
2023/08/09 16:31:08 [notice] 1#1: signal 17 (SIGCHLD) received from 23
2023/08/09 16:31:08 [notice] 1#1: worker process 23 exited with code 0
2023/08/09 16:31:08 [notice] 1#1: signal 29 (SIGIO) received
2023/08/09 16:31:08 [notice] 1#1: signal 17 (SIGCHLD) received from 24
2023/08/09 16:31:08 [notice] 1#1: worker process 20 exited with code 0
2023/08/09 16:31:08 [notice] 1#1: worker process 24 exited with code 0
2023/08/09 16:31:08 [notice] 1#1: worker process 26 exited with code 0
2023/08/09 16:31:08 [notice] 1#1: worker process 28 exited with code 0
2023/08/09 16:31:08 [notice] 1#1: worker process 30 exited with code 0
2023/08/09 16:31:08 [notice] 1#1: exit
2023/08/09 16:31:09 [notice] 1#1: using the "epoll" event method
2023/08/09 16:31:09 [notice] 1#1: nginx/1.25.1
2023/08/09 16:31:09 [notice] 1#1: built by gcc 12.2.0 (Debian 12.2.0-14) 
2023/08/09 16:31:09 [notice] 1#1: OS: Linux 5.10.102.1-microsoft-standard-WSL2
2023/08/09 16:31:09 [notice] 1#1: getrlimit(RLIMIT_NOFILE): 1048576:1048576
2023/08/09 16:31:09 [notice] 1#1: start worker processes
2023/08/09 16:31:09 [notice] 1#1: start worker process 20
2023/08/09 16:31:09 [notice] 1#1: start worker process 21
2023/08/09 16:31:09 [notice] 1#1: start worker process 22
2023/08/09 16:31:09 [notice] 1#1: start worker process 23
2023/08/09 16:31:09 [notice] 1#1: start worker process 24
2023/08/09 16:31:09 [notice] 1#1: start worker process 25
2023/08/09 16:31:09 [notice] 1#1: start worker process 26
2023/08/09 16:31:09 [notice] 1#1: start worker process 27
2023/08/09 16:31:09 [notice] 1#1: start worker process 28
2023/08/09 16:31:09 [notice] 1#1: start worker process 29
2023/08/09 16:31:09 [notice] 1#1: start worker process 30
2023/08/09 16:31:09 [notice] 1#1: start worker process 31
2023/08/09 17:03:20 [notice] 1#1: signal 3 (SIGQUIT) received, shutting down
2023/08/09 17:03:20 [notice] 20#20: gracefully shutting down
2023/08/09 17:03:20 [notice] 25#25: gracefully shutting down
2023/08/09 17:03:20 [notice] 21#21: gracefully shutting down
2023/08/09 17:03:20 [notice] 22#22: gracefully shutting down
2023/08/09 17:03:20 [notice] 24#24: gracefully shutting down
2023/08/09 17:03:20 [notice] 20#20: exiting
2023/08/09 17:03:20 [notice] 23#23: gracefully shutting down
2023/08/09 17:03:20 [notice] 27#27: gracefully shutting down
2023/08/09 17:03:20 [notice] 29#29: gracefully shutting down
2023/08/09 17:03:20 [notice] 30#30: gracefully shutting down
2023/08/09 17:03:20 [notice] 26#26: gracefully shutting down
2023/08/09 17:03:20 [notice] 31#31: gracefully shutting down
2023/08/09 17:03:20 [notice] 28#28: gracefully shutting down
2023/08/09 17:03:20 [notice] 25#25: exiting
2023/08/09 17:03:20 [notice] 21#21: exiting
2023/08/09 17:03:20 [notice] 22#22: exiting
2023/08/09 17:03:20 [notice] 24#24: exiting
2023/08/09 17:03:20 [notice] 23#23: exiting
2023/08/09 17:03:20 [notice] 20#20: exit
2023/08/09 17:03:20 [notice] 27#27: exiting
2023/08/09 17:03:20 [notice] 29#29: exiting
2023/08/09 17:03:20 [notice] 30#30: exiting
2023/08/09 17:03:20 [notice] 26#26: exiting
2023/08/09 17:03:20 [notice] 31#31: exiting
2023/08/09 17:03:20 [notice] 28#28: exiting
2023/08/09 17:03:20 [notice] 25#25: exit
2023/08/09 17:03:20 [notice] 21#21: exit
2023/08/09 17:03:20 [notice] 22#22: exit
2023/08/09 17:03:20 [notice] 24#24: exit
2023/08/09 17:03:20 [notice] 23#23: exit
2023/08/09 17:03:20 [notice] 27#27: exit
2023/08/09 17:03:20 [notice] 29#29: exit
2023/08/09 17:03:20 [notice] 30#30: exit
2023/08/09 17:03:20 [notice] 26#26: exit
2023/08/09 17:03:20 [notice] 31#31: exit
2023/08/09 17:03:20 [notice] 28#28: exit
2023/08/09 17:03:20 [notice] 1#1: signal 17 (SIGCHLD) received from 29
2023/08/09 17:03:20 [notice] 1#1: worker process 22 exited with code 0
2023/08/09 17:03:20 [notice] 1#1: worker process 29 exited with code 0
2023/08/09 17:03:20 [notice] 1#1: worker process 30 exited with code 0
2023/08/09 17:03:20 [notice] 1#1: signal 29 (SIGIO) received
2023/08/09 17:03:20 [notice] 1#1: signal 17 (SIGCHLD) received from 20
2023/08/09 17:03:20 [notice] 1#1: worker process 20 exited with code 0
2023/08/09 17:03:20 [notice] 1#1: signal 29 (SIGIO) received
2023/08/09 17:03:20 [notice] 1#1: signal 17 (SIGCHLD) received from 31
2023/08/09 17:03:20 [notice] 1#1: worker process 23 exited with code 0
2023/08/09 17:03:20 [notice] 1#1: worker process 31 exited with code 0
2023/08/09 17:03:20 [notice] 1#1: signal 29 (SIGIO) received
2023/08/09 17:03:20 [notice] 1#1: signal 17 (SIGCHLD) received from 21
2023/08/09 17:03:20 [notice] 1#1: worker process 21 exited with code 0
2023/08/09 17:03:20 [notice] 1#1: signal 29 (SIGIO) received
2023/08/09 17:03:20 [notice] 1#1: signal 17 (SIGCHLD) received from 24
2023/08/09 17:03:20 [notice] 1#1: worker process 24 exited with code 0
2023/08/09 17:03:20 [notice] 1#1: signal 29 (SIGIO) received
2023/08/09 17:03:20 [notice] 1#1: signal 17 (SIGCHLD) received from 25
2023/08/09 17:03:20 [notice] 1#1: worker process 25 exited with code 0
2023/08/09 17:03:20 [notice] 1#1: signal 29 (SIGIO) received
2023/08/09 17:03:20 [notice] 1#1: signal 17 (SIGCHLD) received from 27
2023/08/09 17:03:20 [notice] 1#1: worker process 27 exited with code 0
2023/08/09 17:03:20 [notice] 1#1: worker process 28 exited with code 0
2023/08/09 17:03:20 [notice] 1#1: signal 29 (SIGIO) received
2023/08/09 17:03:20 [notice] 1#1: signal 17 (SIGCHLD) received from 26
2023/08/09 17:03:20 [notice] 1#1: worker process 26 exited with code 0
2023/08/09 17:03:20 [notice] 1#1: exit
2023/08/09 17:03:22 [notice] 1#1: using the "epoll" event method
2023/08/09 17:03:22 [notice] 1#1: nginx/1.25.1
2023/08/09 17:03:22 [notice] 1#1: built by gcc 12.2.0 (Debian 12.2.0-14) 
2023/08/09 17:03:22 [notice] 1#1: OS: Linux 5.10.102.1-microsoft-standard-WSL2
2023/08/09 17:03:22 [notice] 1#1: getrlimit(RLIMIT_NOFILE): 1048576:1048576
2023/08/09 17:03:22 [notice] 1#1: start worker processes
2023/08/09 17:03:22 [notice] 1#1: start worker process 20
2023/08/09 17:03:22 [notice] 1#1: start worker process 21
2023/08/09 17:03:22 [notice] 1#1: start worker process 22
2023/08/09 17:03:22 [notice] 1#1: start worker process 23
2023/08/09 17:03:22 [notice] 1#1: start worker process 24
2023/08/09 17:03:22 [notice] 1#1: start worker process 25
2023/08/09 17:03:22 [notice] 1#1: start worker process 26
2023/08/09 17:03:22 [notice] 1#1: start worker process 27
2023/08/09 17:03:22 [notice] 1#1: start worker process 28
2023/08/09 17:03:22 [notice] 1#1: start worker process 29
2023/08/09 17:03:22 [notice] 1#1: start worker process 30
2023/08/09 17:03:22 [notice] 1#1: start worker process 31
2023/08/09 17:04:13 [notice] 1#1: signal 3 (SIGQUIT) received, shutting down
2023/08/09 17:04:13 [notice] 23#23: gracefully shutting down
2023/08/09 17:04:13 [notice] 20#20: gracefully shutting down
2023/08/09 17:04:13 [notice] 21#21: gracefully shutting down
2023/08/09 17:04:13 [notice] 22#22: gracefully shutting down
2023/08/09 17:04:13 [notice] 24#24: gracefully shutting down
2023/08/09 17:04:13 [notice] 25#25: gracefully shutting down
2023/08/09 17:04:13 [notice] 27#27: gracefully shutting down
2023/08/09 17:04:13 [notice] 26#26: gracefully shutting down
2023/08/09 17:04:13 [notice] 28#28: gracefully shutting down
2023/08/09 17:04:13 [notice] 29#29: gracefully shutting down
2023/08/09 17:04:13 [notice] 30#30: gracefully shutting down
2023/08/09 17:04:13 [notice] 31#31: gracefully shutting down
2023/08/09 17:04:13 [notice] 23#23: exiting
2023/08/09 17:04:13 [notice] 20#20: exiting
2023/08/09 17:04:13 [notice] 21#21: exiting
2023/08/09 17:04:13 [notice] 22#22: exiting
2023/08/09 17:04:13 [notice] 24#24: exiting
2023/08/09 17:04:13 [notice] 25#25: exiting
2023/08/09 17:04:13 [notice] 27#27: exiting
2023/08/09 17:04:13 [notice] 26#26: exiting
2023/08/09 17:04:13 [notice] 28#28: exiting
2023/08/09 17:04:13 [notice] 29#29: exiting
2023/08/09 17:04:13 [notice] 30#30: exiting
2023/08/09 17:04:13 [notice] 31#31: exiting
2023/08/09 17:04:13 [notice] 23#23: exit
2023/08/09 17:04:13 [notice] 20#20: exit
2023/08/09 17:04:13 [notice] 21#21: exit
2023/08/09 17:04:13 [notice] 22#22: exit
2023/08/09 17:04:13 [notice] 24#24: exit
2023/08/09 17:04:13 [notice] 25#25: exit
2023/08/09 17:04:13 [notice] 27#27: exit
2023/08/09 17:04:13 [notice] 26#26: exit
2023/08/09 17:04:13 [notice] 28#28: exit
2023/08/09 17:04:13 [notice] 29#29: exit
2023/08/09 17:04:13 [notice] 30#30: exit
2023/08/09 17:04:13 [notice] 31#31: exit
2023/08/09 17:04:13 [notice] 1#1: signal 17 (SIGCHLD) received from 29
2023/08/09 17:04:13 [notice] 1#1: worker process 20 exited with code 0
2023/08/09 17:04:13 [notice] 1#1: worker process 24 exited with code 0
2023/08/09 17:04:13 [notice] 1#1: worker process 26 exited with code 0
2023/08/09 17:04:13 [notice] 1#1: worker process 29 exited with code 0
2023/08/09 17:04:13 [notice] 1#1: worker process 30 exited with code 0
2023/08/09 17:04:13 [notice] 1#1: worker process 31 exited with code 0
2023/08/09 17:04:13 [notice] 1#1: signal 29 (SIGIO) received
2023/08/09 17:04:13 [notice] 1#1: signal 17 (SIGCHLD) received from 21
2023/08/09 17:04:13 [notice] 1#1: worker process 21 exited with code 0
2023/08/09 17:04:13 [notice] 1#1: signal 29 (SIGIO) received
2023/08/09 17:04:13 [notice] 1#1: signal 17 (SIGCHLD) received from 23
2023/08/09 17:04:13 [notice] 1#1: worker process 23 exited with code 0
2023/08/09 17:04:13 [notice] 1#1: worker process 25 exited with code 0
2023/08/09 17:04:13 [notice] 1#1: signal 29 (SIGIO) received
2023/08/09 17:04:13 [notice] 1#1: signal 17 (SIGCHLD) received from 27
2023/08/09 17:04:13 [notice] 1#1: worker process 27 exited with code 0
2023/08/09 17:04:13 [notice] 1#1: signal 29 (SIGIO) received
2023/08/09 17:04:13 [notice] 1#1: signal 17 (SIGCHLD) received from 22
2023/08/09 17:04:13 [notice] 1#1: worker process 22 exited with code 0
2023/08/09 17:04:13 [notice] 1#1: worker process 28 exited with code 0
2023/08/09 17:04:13 [notice] 1#1: exit
2023/08/09 17:32:36 [notice] 1#1: using the "epoll" event method
2023/08/09 17:32:36 [notice] 1#1: nginx/1.25.1
2023/08/09 17:32:36 [notice] 1#1: built by gcc 12.2.0 (Debian 12.2.0-14) 
2023/08/09 17:32:36 [notice] 1#1: OS: Linux 5.10.102.1-microsoft-standard-WSL2
2023/08/09 17:32:36 [notice] 1#1: getrlimit(RLIMIT_NOFILE): 1048576:1048576
2023/08/09 17:32:36 [notice] 1#1: start worker processes
2023/08/09 17:32:36 [notice] 1#1: start worker process 20
2023/08/09 17:32:36 [notice] 1#1: start worker process 21
2023/08/09 17:32:36 [notice] 1#1: start worker process 22
2023/08/09 17:32:36 [notice] 1#1: start worker process 23
2023/08/09 17:32:36 [notice] 1#1: start worker process 24
2023/08/09 17:32:36 [notice] 1#1: start worker process 25
2023/08/09 17:32:36 [notice] 1#1: start worker process 26
2023/08/09 17:32:36 [notice] 1#1: start worker process 27
2023/08/09 17:32:36 [notice] 1#1: start worker process 28
2023/08/09 17:32:36 [notice] 1#1: start worker process 29
2023/08/09 17:32:36 [notice] 1#1: start worker process 30
2023/08/09 17:32:36 [notice] 1#1: start worker process 31
2023/08/09 17:50:32 [notice] 1#1: signal 3 (SIGQUIT) received, shutting down
2023/08/09 17:50:32 [notice] 21#21: gracefully shutting down
2023/08/09 17:50:32 [notice] 23#23: gracefully shutting down
2023/08/09 17:50:32 [notice] 20#20: gracefully shutting down
2023/08/09 17:50:32 [notice] 22#22: gracefully shutting down
2023/08/09 17:50:32 [notice] 27#27: gracefully shutting down
2023/08/09 17:50:32 [notice] 26#26: gracefully shutting down
2023/08/09 17:50:32 [notice] 25#25: gracefully shutting down
2023/08/09 17:50:32 [notice] 26#26: exiting
2023/08/09 17:50:32 [notice] 24#24: gracefully shutting down
2023/08/09 17:50:32 [notice] 30#30: gracefully shutting down
2023/08/09 17:50:32 [notice] 28#28: gracefully shutting down
2023/08/09 17:50:32 [notice] 31#31: gracefully shutting down
2023/08/09 17:50:32 [notice] 29#29: gracefully shutting down
2023/08/09 17:50:32 [notice] 21#21: exiting
2023/08/09 17:50:32 [notice] 23#23: exiting
2023/08/09 17:50:32 [notice] 20#20: exiting
2023/08/09 17:50:32 [notice] 22#22: exiting
2023/08/09 17:50:32 [notice] 27#27: exiting
2023/08/09 17:50:32 [notice] 25#25: exiting
2023/08/09 17:50:32 [notice] 26#26: exit
2023/08/09 17:50:32 [notice] 24#24: exiting
2023/08/09 17:50:32 [notice] 30#30: exiting
2023/08/09 17:50:32 [notice] 28#28: exiting
2023/08/09 17:50:32 [notice] 31#31: exiting
2023/08/09 17:50:32 [notice] 29#29: exiting
2023/08/09 17:50:32 [notice] 21#21: exit
2023/08/09 17:50:32 [notice] 23#23: exit
2023/08/09 17:50:32 [notice] 20#20: exit
2023/08/09 17:50:32 [notice] 22#22: exit
2023/08/09 17:50:32 [notice] 27#27: exit
2023/08/09 17:50:32 [notice] 25#25: exit
2023/08/09 17:50:32 [notice] 24#24: exit
2023/08/09 17:50:32 [notice] 30#30: exit
2023/08/09 17:50:32 [notice] 28#28: exit
2023/08/09 17:50:32 [notice] 31#31: exit
2023/08/09 17:50:32 [notice] 29#29: exit
2023/08/09 17:50:32 [notice] 1#1: signal 17 (SIGCHLD) received from 23
2023/08/09 17:50:32 [notice] 1#1: worker process 20 exited with code 0
2023/08/09 17:50:32 [notice] 1#1: worker process 23 exited with code 0
2023/08/09 17:50:32 [notice] 1#1: worker process 28 exited with code 0
2023/08/09 17:50:32 [notice] 1#1: signal 29 (SIGIO) received
2023/08/09 17:50:32 [notice] 1#1: signal 17 (SIGCHLD) received from 26
2023/08/09 17:50:32 [notice] 1#1: worker process 26 exited with code 0
2023/08/09 17:50:32 [notice] 1#1: signal 29 (SIGIO) received
2023/08/09 17:50:32 [notice] 1#1: signal 17 (SIGCHLD) received from 31
2023/08/09 17:50:32 [notice] 1#1: worker process 22 exited with code 0
2023/08/09 17:50:32 [notice] 1#1: worker process 25 exited with code 0
2023/08/09 17:50:32 [notice] 1#1: worker process 27 exited with code 0
2023/08/09 17:50:32 [notice] 1#1: worker process 29 exited with code 0
2023/08/09 17:50:32 [notice] 1#1: worker process 30 exited with code 0
2023/08/09 17:50:32 [notice] 1#1: worker process 31 exited with code 0
2023/08/09 17:50:32 [notice] 1#1: signal 29 (SIGIO) received
2023/08/09 17:50:32 [notice] 1#1: signal 17 (SIGCHLD) received from 24
2023/08/09 17:50:32 [notice] 1#1: worker process 21 exited with code 0
2023/08/09 17:50:32 [notice] 1#1: worker process 24 exited with code 0
2023/08/09 17:50:32 [notice] 1#1: exit
2023/08/09 17:53:18 [notice] 1#1: using the "epoll" event method
2023/08/09 17:53:18 [notice] 1#1: nginx/1.25.1
2023/08/09 17:53:18 [notice] 1#1: built by gcc 12.2.0 (Debian 12.2.0-14) 
2023/08/09 17:53:18 [notice] 1#1: OS: Linux 5.10.102.1-microsoft-standard-WSL2
2023/08/09 17:53:18 [notice] 1#1: getrlimit(RLIMIT_NOFILE): 1048576:1048576
2023/08/09 17:53:18 [notice] 1#1: start worker processes
2023/08/09 17:53:18 [notice] 1#1: start worker process 21
2023/08/09 17:53:18 [notice] 1#1: start worker process 22
2023/08/09 17:53:18 [notice] 1#1: start worker process 23
2023/08/09 17:53:18 [notice] 1#1: start worker process 24
2023/08/09 17:53:18 [notice] 1#1: start worker process 25
2023/08/09 17:53:18 [notice] 1#1: start worker process 26
2023/08/09 17:53:18 [notice] 1#1: start worker process 27
2023/08/09 17:53:18 [notice] 1#1: start worker process 28
2023/08/09 17:53:18 [notice] 1#1: start worker process 29
2023/08/09 17:53:18 [notice] 1#1: start worker process 30
2023/08/09 17:53:18 [notice] 1#1: start worker process 31
2023/08/09 17:53:18 [notice] 1#1: start worker process 32
2023/08/09 17:56:05 [notice] 1#1: signal 3 (SIGQUIT) received, shutting down
2023/08/09 17:56:05 [notice] 21#21: gracefully shutting down
2023/08/09 17:56:05 [notice] 26#26: gracefully shutting down
2023/08/09 17:56:05 [notice] 23#23: gracefully shutting down
2023/08/09 17:56:05 [notice] 22#22: gracefully shutting down
2023/08/09 17:56:05 [notice] 24#24: gracefully shutting down
2023/08/09 17:56:05 [notice] 25#25: gracefully shutting down
2023/08/09 17:56:05 [notice] 27#27: gracefully shutting down
2023/08/09 17:56:05 [notice] 21#21: exiting
2023/08/09 17:56:05 [notice] 28#28: gracefully shutting down
2023/08/09 17:56:05 [notice] 29#29: gracefully shutting down
2023/08/09 17:56:05 [notice] 30#30: gracefully shutting down
2023/08/09 17:56:05 [notice] 32#32: gracefully shutting down
2023/08/09 17:56:05 [notice] 31#31: gracefully shutting down
2023/08/09 17:56:05 [notice] 26#26: exiting
2023/08/09 17:56:05 [notice] 31#31: exiting
2023/08/09 17:56:05 [notice] 23#23: exiting
2023/08/09 17:56:05 [notice] 22#22: exiting
2023/08/09 17:56:05 [notice] 24#24: exiting
2023/08/09 17:56:05 [notice] 25#25: exiting
2023/08/09 17:56:05 [notice] 27#27: exiting
2023/08/09 17:56:05 [notice] 21#21: exit
2023/08/09 17:56:05 [notice] 28#28: exiting
2023/08/09 17:56:05 [notice] 29#29: exiting
2023/08/09 17:56:05 [notice] 30#30: exiting
2023/08/09 17:56:05 [notice] 32#32: exiting
2023/08/09 17:56:05 [notice] 26#26: exit
2023/08/09 17:56:05 [notice] 31#31: exit
2023/08/09 17:56:05 [notice] 23#23: exit
2023/08/09 17:56:05 [notice] 22#22: exit
2023/08/09 17:56:05 [notice] 24#24: exit
2023/08/09 17:56:05 [notice] 25#25: exit
2023/08/09 17:56:05 [notice] 27#27: exit
2023/08/09 17:56:05 [notice] 28#28: exit
2023/08/09 17:56:05 [notice] 29#29: exit
2023/08/09 17:56:05 [notice] 30#30: exit
2023/08/09 17:56:05 [notice] 32#32: exit
2023/08/09 17:56:05 [notice] 1#1: signal 17 (SIGCHLD) received from 30
2023/08/09 17:56:05 [notice] 1#1: worker process 25 exited with code 0
2023/08/09 17:56:05 [notice] 1#1: worker process 30 exited with code 0
2023/08/09 17:56:05 [notice] 1#1: signal 29 (SIGIO) received
2023/08/09 17:56:05 [notice] 1#1: signal 17 (SIGCHLD) received from 29
2023/08/09 17:56:05 [notice] 1#1: worker process 21 exited with code 0
2023/08/09 17:56:05 [notice] 1#1: worker process 22 exited with code 0
2023/08/09 17:56:05 [notice] 1#1: worker process 23 exited with code 0
2023/08/09 17:56:05 [notice] 1#1: worker process 24 exited with code 0
2023/08/09 17:56:05 [notice] 1#1: worker process 26 exited with code 0
2023/08/09 17:56:05 [notice] 1#1: worker process 29 exited with code 0
2023/08/09 17:56:05 [notice] 1#1: worker process 31 exited with code 0
2023/08/09 17:56:05 [notice] 1#1: worker process 32 exited with code 0
2023/08/09 17:56:05 [notice] 1#1: signal 29 (SIGIO) received
2023/08/09 17:56:05 [notice] 1#1: signal 17 (SIGCHLD) received from 31
2023/08/09 17:56:05 [notice] 1#1: signal 17 (SIGCHLD) received from 27
2023/08/09 17:56:05 [notice] 1#1: worker process 27 exited with code 0
2023/08/09 17:56:05 [notice] 1#1: signal 29 (SIGIO) received
2023/08/09 17:56:05 [notice] 1#1: signal 17 (SIGCHLD) received from 28
2023/08/09 17:56:05 [notice] 1#1: worker process 28 exited with code 0
2023/08/09 17:56:05 [notice] 1#1: exit
2023/08/09 17:56:07 [notice] 1#1: using the "epoll" event method
2023/08/09 17:56:07 [notice] 1#1: nginx/1.25.1
2023/08/09 17:56:07 [notice] 1#1: built by gcc 12.2.0 (Debian 12.2.0-14) 
2023/08/09 17:56:07 [notice] 1#1: OS: Linux 5.10.102.1-microsoft-standard-WSL2
2023/08/09 17:56:07 [notice] 1#1: getrlimit(RLIMIT_NOFILE): 1048576:1048576
2023/08/09 17:56:07 [notice] 1#1: start worker processes
2023/08/09 17:56:07 [notice] 1#1: start worker process 20
2023/08/09 17:56:07 [notice] 1#1: start worker process 21
2023/08/09 17:56:07 [notice] 1#1: start worker process 22
2023/08/09 17:56:07 [notice] 1#1: start worker process 23
2023/08/09 17:56:07 [notice] 1#1: start worker process 24
2023/08/09 17:56:07 [notice] 1#1: start worker process 25
2023/08/09 17:56:07 [notice] 1#1: start worker process 26
2023/08/09 17:56:07 [notice] 1#1: start worker process 27
2023/08/09 17:56:07 [notice] 1#1: start worker process 28
2023/08/09 17:56:07 [notice] 1#1: start worker process 29
2023/08/09 17:56:07 [notice] 1#1: start worker process 30
2023/08/09 17:56:07 [notice] 1#1: start worker process 31
2023/08/10 07:08:15 [notice] 1#1: using the "epoll" event method
2023/08/10 07:08:15 [notice] 1#1: nginx/1.25.1
2023/08/10 07:08:15 [notice] 1#1: built by gcc 12.2.0 (Debian 12.2.0-14) 
2023/08/10 07:08:15 [notice] 1#1: OS: Linux 5.10.102.1-microsoft-standard-WSL2
2023/08/10 07:08:15 [notice] 1#1: getrlimit(RLIMIT_NOFILE): 1048576:1048576
2023/08/10 07:08:15 [notice] 1#1: start worker processes
2023/08/10 07:08:15 [notice] 1#1: start worker process 20
2023/08/10 07:08:15 [notice] 1#1: start worker process 21
2023/08/10 07:08:15 [notice] 1#1: start worker process 22
2023/08/10 07:08:15 [notice] 1#1: start worker process 23
2023/08/10 07:08:15 [notice] 1#1: start worker process 24
2023/08/10 07:08:15 [notice] 1#1: start worker process 25
2023/08/10 07:08:15 [notice] 1#1: start worker process 26
2023/08/10 07:08:15 [notice] 1#1: start worker process 27
2023/08/10 07:08:15 [notice] 1#1: start worker process 28
2023/08/10 07:08:15 [notice] 1#1: start worker process 29
2023/08/10 07:08:15 [notice] 1#1: start worker process 30
2023/08/10 07:08:15 [notice] 1#1: start worker process 31
2023/08/10 07:15:08 [notice] 1#1: signal 3 (SIGQUIT) received, shutting down
2023/08/10 07:15:08 [notice] 20#20: gracefully shutting down
2023/08/10 07:15:08 [notice] 27#27: gracefully shutting down
2023/08/10 07:15:08 [notice] 22#22: gracefully shutting down
2023/08/10 07:15:08 [notice] 21#21: gracefully shutting down
2023/08/10 07:15:08 [notice] 23#23: gracefully shutting down
2023/08/10 07:15:08 [notice] 24#24: gracefully shutting down
2023/08/10 07:15:08 [notice] 25#25: gracefully shutting down
2023/08/10 07:15:08 [notice] 30#30: gracefully shutting down
2023/08/10 07:15:08 [notice] 29#29: gracefully shutting down
2023/08/10 07:15:08 [notice] 29#29: exiting
2023/08/10 07:15:08 [notice] 28#28: gracefully shutting down
2023/08/10 07:15:08 [notice] 28#28: exiting
2023/08/10 07:15:08 [notice] 31#31: gracefully shutting down
2023/08/10 07:15:08 [notice] 31#31: exiting
2023/08/10 07:15:08 [notice] 26#26: gracefully shutting down
2023/08/10 07:15:08 [notice] 20#20: exiting
2023/08/10 07:15:08 [notice] 27#27: exiting
2023/08/10 07:15:08 [notice] 22#22: exiting
2023/08/10 07:15:08 [notice] 21#21: exiting
2023/08/10 07:15:08 [notice] 23#23: exiting
2023/08/10 07:15:08 [notice] 24#24: exiting
2023/08/10 07:15:08 [notice] 25#25: exiting
2023/08/10 07:15:08 [notice] 30#30: exiting
2023/08/10 07:15:08 [notice] 29#29: exit
2023/08/10 07:15:08 [notice] 28#28: exit
2023/08/10 07:15:08 [notice] 31#31: exit
2023/08/10 07:15:08 [notice] 26#26: exiting
2023/08/10 07:15:08 [notice] 27#27: exit
2023/08/10 07:15:08 [notice] 20#20: exit
2023/08/10 07:15:08 [notice] 22#22: exit
2023/08/10 07:15:08 [notice] 21#21: exit
2023/08/10 07:15:08 [notice] 24#24: exit
2023/08/10 07:15:08 [notice] 23#23: exit
2023/08/10 07:15:08 [notice] 25#25: exit
2023/08/10 07:15:08 [notice] 30#30: exit
2023/08/10 07:15:08 [notice] 26#26: exit
2023/08/10 07:15:08 [notice] 1#1: signal 17 (SIGCHLD) received from 22
2023/08/10 07:15:08 [notice] 1#1: worker process 20 exited with code 0
2023/08/10 07:15:08 [notice] 1#1: worker process 22 exited with code 0
2023/08/10 07:15:08 [notice] 1#1: worker process 23 exited with code 0
2023/08/10 07:15:08 [notice] 1#1: worker process 30 exited with code 0
2023/08/10 07:15:08 [notice] 1#1: signal 29 (SIGIO) received
2023/08/10 07:15:08 [notice] 1#1: signal 17 (SIGCHLD) received from 24
2023/08/10 07:15:08 [notice] 1#1: worker process 21 exited with code 0
2023/08/10 07:15:08 [notice] 1#1: worker process 24 exited with code 0
2023/08/10 07:15:08 [notice] 1#1: worker process 25 exited with code 0
2023/08/10 07:15:08 [notice] 1#1: worker process 27 exited with code 0
2023/08/10 07:15:08 [notice] 1#1: worker process 28 exited with code 0
2023/08/10 07:15:08 [notice] 1#1: signal 29 (SIGIO) received
2023/08/10 07:15:08 [notice] 1#1: signal 17 (SIGCHLD) received from 31
2023/08/10 07:15:08 [notice] 1#1: worker process 26 exited with code 0
2023/08/10 07:15:08 [notice] 1#1: worker process 29 exited with code 0
2023/08/10 07:15:08 [notice] 1#1: worker process 31 exited with code 0
2023/08/10 07:15:08 [notice] 1#1: exit
2023/08/10 07:15:10 [notice] 1#1: using the "epoll" event method
2023/08/10 07:15:10 [notice] 1#1: nginx/1.25.1
2023/08/10 07:15:10 [notice] 1#1: built by gcc 12.2.0 (Debian 12.2.0-14) 
2023/08/10 07:15:10 [notice] 1#1: OS: Linux 5.10.102.1-microsoft-standard-WSL2
2023/08/10 07:15:10 [notice] 1#1: getrlimit(RLIMIT_NOFILE): 1048576:1048576
2023/08/10 07:15:10 [notice] 1#1: start worker processes
2023/08/10 07:15:10 [notice] 1#1: start worker process 20
2023/08/10 07:15:10 [notice] 1#1: start worker process 21
2023/08/10 07:15:10 [notice] 1#1: start worker process 22
2023/08/10 07:15:10 [notice] 1#1: start worker process 23
2023/08/10 07:15:10 [notice] 1#1: start worker process 24
2023/08/10 07:15:10 [notice] 1#1: start worker process 25
2023/08/10 07:15:10 [notice] 1#1: start worker process 26
2023/08/10 07:15:10 [notice] 1#1: start worker process 27
2023/08/10 07:15:10 [notice] 1#1: start worker process 28
2023/08/10 07:15:10 [notice] 1#1: start worker process 29
2023/08/10 07:15:10 [notice] 1#1: start worker process 30
2023/08/10 07:15:10 [notice] 1#1: start worker process 31
2023/08/10 07:17:24 [error] 20#20: *1 open() "/home/app/web/staticfiles/admin/css/base.css" failed (2: No such file or directory), client: 172.20.0.1, server: mammamia-pizzeria.com, request: "GET /static/admin/css/base.css HTTP/1.1", host: "mammamia-pizzeria.com:81", referrer: "http://mammamia-pizzeria.com:81/admin/"
2023/08/10 07:17:24 [error] 20#20: *1 open() "/home/app/web/staticfiles/admin/css/dark_mode.css" failed (2: No such file or directory), client: 172.20.0.1, server: mammamia-pizzeria.com, request: "GET /static/admin/css/dark_mode.css HTTP/1.1", host: "mammamia-pizzeria.com:81", referrer: "http://mammamia-pizzeria.com:81/admin/"
2023/08/10 07:17:24 [error] 21#21: *2 open() "/home/app/web/staticfiles/admin/css/nav_sidebar.css" failed (2: No such file or directory), client: 172.20.0.1, server: mammamia-pizzeria.com, request: "GET /static/admin/css/nav_sidebar.css HTTP/1.1", host: "mammamia-pizzeria.com:81", referrer: "http://mammamia-pizzeria.com:81/admin/"
2023/08/10 07:17:24 [error] 22#22: *6 open() "/home/app/web/staticfiles/admin/css/responsive.css" failed (2: No such file or directory), client: 172.20.0.1, server: mammamia-pizzeria.com, request: "GET /static/admin/css/responsive.css HTTP/1.1", host: "mammamia-pizzeria.com:81", referrer: "http://mammamia-pizzeria.com:81/admin/"
2023/08/10 07:17:24 [error] 22#22: *5 open() "/home/app/web/staticfiles/admin/css/dashboard.css" failed (2: No such file or directory), client: 172.20.0.1, server: mammamia-pizzeria.com, request: "GET /static/admin/css/dashboard.css HTTP/1.1", host: "mammamia-pizzeria.com:81", referrer: "http://mammamia-pizzeria.com:81/admin/"
2023/08/10 07:17:24 [error] 22#22: *6 open() "/home/app/web/staticfiles/admin/js/nav_sidebar.js" failed (2: No such file or directory), client: 172.20.0.1, server: mammamia-pizzeria.com, request: "GET /static/admin/js/nav_sidebar.js HTTP/1.1", host: "mammamia-pizzeria.com:81", referrer: "http://mammamia-pizzeria.com:81/admin/"
2023/08/10 07:17:24 [error] 22#22: *5 open() "/home/app/web/staticfiles/admin/js/theme.js" failed (2: No such file or directory), client: 172.20.0.1, server: mammamia-pizzeria.com, request: "GET /static/admin/js/theme.js HTTP/1.1", host: "mammamia-pizzeria.com:81", referrer: "http://mammamia-pizzeria.com:81/admin/"
2023/08/10 07:18:56 [notice] 1#1: signal 3 (SIGQUIT) received, shutting down
2023/08/10 07:18:56 [notice] 20#20: gracefully shutting down
2023/08/10 07:18:56 [notice] 25#25: gracefully shutting down
2023/08/10 07:18:56 [notice] 21#21: gracefully shutting down
2023/08/10 07:18:56 [notice] 22#22: gracefully shutting down
2023/08/10 07:18:56 [notice] 23#23: gracefully shutting down
2023/08/10 07:18:56 [notice] 24#24: gracefully shutting down
2023/08/10 07:18:56 [notice] 27#27: gracefully shutting down
2023/08/10 07:18:56 [notice] 26#26: gracefully shutting down
2023/08/10 07:18:56 [notice] 28#28: gracefully shutting down
2023/08/10 07:18:56 [notice] 30#30: gracefully shutting down
2023/08/10 07:18:56 [notice] 29#29: gracefully shutting down
2023/08/10 07:18:56 [notice] 31#31: gracefully shutting down
2023/08/10 07:18:56 [notice] 20#20: exiting
2023/08/10 07:18:56 [notice] 31#31: exiting
2023/08/10 07:18:56 [notice] 25#25: exiting
2023/08/10 07:18:56 [notice] 21#21: exiting
2023/08/10 07:18:56 [notice] 22#22: exiting
2023/08/10 07:18:56 [notice] 23#23: exiting
2023/08/10 07:18:56 [notice] 24#24: exiting
2023/08/10 07:18:56 [notice] 27#27: exiting
2023/08/10 07:18:56 [notice] 26#26: exiting
2023/08/10 07:18:56 [notice] 28#28: exiting
2023/08/10 07:18:56 [notice] 30#30: exiting
2023/08/10 07:18:56 [notice] 29#29: exiting
2023/08/10 07:18:56 [notice] 20#20: exit
2023/08/10 07:18:56 [notice] 31#31: exit
2023/08/10 07:18:56 [notice] 25#25: exit
2023/08/10 07:18:56 [notice] 21#21: exit
2023/08/10 07:18:56 [notice] 22#22: exit
2023/08/10 07:18:56 [notice] 23#23: exit
2023/08/10 07:18:56 [notice] 24#24: exit
2023/08/10 07:18:56 [notice] 27#27: exit
2023/08/10 07:18:56 [notice] 26#26: exit
2023/08/10 07:18:56 [notice] 28#28: exit
2023/08/10 07:18:56 [notice] 30#30: exit
2023/08/10 07:18:56 [notice] 29#29: exit
2023/08/10 07:18:56 [notice] 1#1: signal 17 (SIGCHLD) received from 25
2023/08/10 07:18:56 [notice] 1#1: worker process 23 exited with code 0
2023/08/10 07:18:56 [notice] 1#1: worker process 25 exited with code 0
2023/08/10 07:18:56 [notice] 1#1: worker process 27 exited with code 0
2023/08/10 07:18:56 [notice] 1#1: worker process 28 exited with code 0
2023/08/10 07:18:56 [notice] 1#1: worker process 29 exited with code 0
2023/08/10 07:18:56 [notice] 1#1: signal 29 (SIGIO) received
2023/08/10 07:18:56 [notice] 1#1: signal 17 (SIGCHLD) received from 23
2023/08/10 07:18:56 [notice] 1#1: signal 17 (SIGCHLD) received from 26
2023/08/10 07:18:56 [notice] 1#1: worker process 20 exited with code 0
2023/08/10 07:18:56 [notice] 1#1: worker process 26 exited with code 0
2023/08/10 07:18:56 [notice] 1#1: signal 29 (SIGIO) received
2023/08/10 07:18:56 [notice] 1#1: signal 17 (SIGCHLD) received from 22
2023/08/10 07:18:56 [notice] 1#1: worker process 22 exited with code 0
2023/08/10 07:18:56 [notice] 1#1: worker process 30 exited with code 0
2023/08/10 07:18:56 [notice] 1#1: signal 29 (SIGIO) received
2023/08/10 07:18:56 [notice] 1#1: signal 17 (SIGCHLD) received from 31
2023/08/10 07:18:56 [notice] 1#1: worker process 31 exited with code 0
2023/08/10 07:18:56 [notice] 1#1: signal 29 (SIGIO) received
2023/08/10 07:18:57 [notice] 1#1: signal 17 (SIGCHLD) received from 24
2023/08/10 07:18:57 [notice] 1#1: worker process 24 exited with code 0
2023/08/10 07:18:57 [notice] 1#1: signal 29 (SIGIO) received
2023/08/10 07:18:57 [notice] 1#1: signal 17 (SIGCHLD) received from 21
2023/08/10 07:18:57 [notice] 1#1: worker process 21 exited with code 0
2023/08/10 07:18:57 [notice] 1#1: exit
2023/08/10 07:21:15 [notice] 1#1: using the "epoll" event method
2023/08/10 07:21:15 [notice] 1#1: nginx/1.25.1
2023/08/10 07:21:15 [notice] 1#1: built by gcc 12.2.0 (Debian 12.2.0-14) 
2023/08/10 07:21:15 [notice] 1#1: OS: Linux 5.10.102.1-microsoft-standard-WSL2
2023/08/10 07:21:15 [notice] 1#1: getrlimit(RLIMIT_NOFILE): 1048576:1048576
2023/08/10 07:21:15 [notice] 1#1: start worker processes
2023/08/10 07:21:15 [notice] 1#1: start worker process 21
2023/08/10 07:21:15 [notice] 1#1: start worker process 22
2023/08/10 07:21:15 [notice] 1#1: start worker process 23
2023/08/10 07:21:15 [notice] 1#1: start worker process 24
2023/08/10 07:21:15 [notice] 1#1: start worker process 25
2023/08/10 07:21:15 [notice] 1#1: start worker process 26
2023/08/10 07:21:15 [notice] 1#1: start worker process 27
2023/08/10 07:21:15 [notice] 1#1: start worker process 28
2023/08/10 07:21:15 [notice] 1#1: start worker process 29
2023/08/10 07:21:15 [notice] 1#1: start worker process 30
2023/08/10 07:21:15 [notice] 1#1: start worker process 31
2023/08/10 07:21:15 [notice] 1#1: start worker process 32
